Using pre-set license
Built from '2020.2/staging' branch; Version is '2020.2.6f1 (8a2143876886) revision 9052483'; Using compiler version '192528614'; Build Type 'Release'
OS: 'Windows 10 Pro; OS build 19042.928; Version 2009; 64bit' Language: 'en' Physical Memory: 16270 MB
BatchMode: 1, IsHumanControllingUs: 0, StartBugReporterOnCrash: 0, Is64bit: 1, IsPro: 0

 COMMAND LINE ARGUMENTS:
C:\Program Files\Unity\Hub\Editor\2020.2.6f1\Editor\Unity.exe
-adb2
-batchMode
-noUpm
-name
AssetImportWorker0
-projectPath
S:/AIE VET Course/Projects/Unity/Intermediate Project/Intermediate Project
-logFile
Logs/AssetImportWorker0.log
-srvPort
30184
Successfully changed project path to: S:/AIE VET Course/Projects/Unity/Intermediate Project/Intermediate Project
S:/AIE VET Course/Projects/Unity/Intermediate Project/Intermediate Project
Using Asset Import Pipeline V2.
Refreshing native plugins compatible for Editor in 52.17 ms, found 0 plugins.
Preloading 0 native plugins for Editor in 0.00 ms.
Initialize engine version: 2020.2.6f1 (8a2143876886)
[Subsystems] Discovering subsystems at path C:/Program Files/Unity/Hub/Editor/2020.2.6f1/Editor/Data/Resources/UnitySubsystems
[Subsystems] Discovering subsystems at path S:/AIE VET Course/Projects/Unity/Intermediate Project/Intermediate Project/Assets
GfxDevice: creating device client; threaded=0
Direct3D:
    Version:  Direct3D 11.0 [level 11.1]
    Renderer: Intel(R) HD Graphics 620 (ID=0x5916)
    Vendor:   
    VRAM:     8135 MB
    Driver:   27.20.100.9316
Initialize mono
Mono path[0] = 'C:/Program Files/Unity/Hub/Editor/2020.2.6f1/Editor/Data/Managed'
Mono path[1] = 'C:/Program Files/Unity/Hub/Editor/2020.2.6f1/Editor/Data/MonoBleedingEdge/lib/mono/unityjit'
Mono config path = 'C:/Program Files/Unity/Hub/Editor/2020.2.6f1/Editor/Data/MonoBleedingEdge/etc'
Using monoOptions --debugger-agent=transport=dt_socket,embedding=1,server=y,suspend=n,address=127.0.0.1:56144
Begin MonoManager ReloadAssembly
Registering precompiled unity dll's ...
Register platform support module: C:/Program Files/Unity/Hub/Editor/2020.2.6f1/Editor/Data/PlaybackEngines/WebGLSupport/UnityEditor.WebGL.Extensions.dll
Register platform support module: C:/Program Files/Unity/Hub/Editor/2020.2.6f1/Editor/Data/PlaybackEngines/WindowsStandaloneSupport/UnityEditor.WindowsStandalone.Extensions.dll
Registered in 0.003976 seconds.
Native extension for WindowsStandalone target not found
Native extension for WebGL target not found
Refreshing native plugins compatible for Editor in 73.59 ms, found 0 plugins.
Preloading 0 native plugins for Editor in 0.00 ms.
Invoked RoslynAnalysisRunner static constructor.
RoslynAnalysisRunner will not be running.
RoslynAnalysisRunner has terminated.
Mono: successfully reloaded assembly
- Completed reload, in  1.921 seconds
Platform modules already initialized, skipping
Registering precompiled user dll's ...
Registered in 0.001339 seconds.
Begin MonoManager ReloadAssembly
Native extension for WindowsStandalone target not found
Native extension for WebGL target not found
Refreshing native plugins compatible for Editor in 0.37 ms, found 0 plugins.
Preloading 0 native plugins for Editor in 0.00 ms.
Invoked RoslynAnalysisRunner static constructor.
RoslynAnalysisRunner will not be running.
RoslynAnalysisRunner has terminated.
Mono: successfully reloaded assembly
- Completed reload, in  1.974 seconds
Platform modules already initialized, skipping
========================================================================
Worker process is ready to serve import requests
Launched and connected shader compiler UnityShaderCompiler.exe after 0.07 seconds
Refreshing native plugins compatible for Editor in 0.38 ms, found 0 plugins.
Preloading 0 native plugins for Editor in 0.00 ms.
Unloading 1583 Unused Serialized files (Serialized files now loaded: 0)
System memory in use before: 92.6 MB.
System memory in use after: 92.3 MB.

Unloading 13 unused Assets to reduce memory usage. Loaded Objects now: 2040.
Total: 2.275100 ms (FindLiveObjects: 0.221200 ms CreateObjectMapping: 0.064200 ms MarkObjects: 1.592800 ms  DeleteObjects: 0.395000 ms)

========================================================================
Received Import Request.
  path: Assets/_Animators/SongInfoGroup.anim
  artifactKey: Guid(3cb88045ccbd5ca46b4fc0f090a6c1e0) Importer(815301076,1909f56bfc062723c751e8b465ee728b)
Start importing Assets/_Animators/SongInfoGroup.anim using Guid(3cb88045ccbd5ca46b4fc0f090a6c1e0) Importer(815301076,1909f56bfc062723c751e8b465ee728b)  -> (artifact id: 'ec7ef6d4bfd637601ce37e87db81262f') in 0.056391 seconds
  Import took 0.061218 seconds .

========================================================================
Received Prepare
Registering precompiled user dll's ...
Registered in 0.001340 seconds.
Begin MonoManager ReloadAssembly
Native extension for WindowsStandalone target not found
Native extension for WebGL target not found
Refreshing native plugins compatible for Editor in 0.38 ms, found 0 plugins.
Preloading 0 native plugins for Editor in 0.00 ms.
Invoked RoslynAnalysisRunner static constructor.
RoslynAnalysisRunner will not be running.
RoslynAnalysisRunner has terminated.
Mono: successfully reloaded assembly
- Completed reload, in  1.265 seconds
Platform modules already initialized, skipping
Refreshing native plugins compatible for Editor in 0.60 ms, found 0 plugins.
Preloading 0 native plugins for Editor in 0.00 ms.
Unloading 1518 Unused Serialized files (Serialized files now loaded: 0)
System memory in use before: 87.8 MB.
System memory in use after: 87.6 MB.

Unloading 8 unused Assets to reduce memory usage. Loaded Objects now: 2043.
Total: 4.903200 ms (FindLiveObjects: 0.542900 ms CreateObjectMapping: 0.176200 ms MarkObjects: 3.392200 ms  DeleteObjects: 0.788600 ms)

========================================================================
Received Import Request.
  Time since last request: 341.478203 seconds.
  path: Assets/_Animators/playerAnimator.anim
  artifactKey: Guid(8ea6d4283ee5e58428f6312d71502c4e) Importer(815301076,1909f56bfc062723c751e8b465ee728b)
Start importing Assets/_Animators/playerAnimator.anim using Guid(8ea6d4283ee5e58428f6312d71502c4e) Importer(815301076,1909f56bfc062723c751e8b465ee728b)  -> (artifact id: 'f4040f040e5c3ded2ac08bef05553b3b') in 0.046536 seconds
  Import took 0.054390 seconds .

========================================================================
Received Import Request.
  Time since last request: 2.525013 seconds.
  path: Assets/_Animators/PlayButton.controller
  artifactKey: Guid(b415d259e5fa0a14d837d87ffb89de95) Importer(815301076,1909f56bfc062723c751e8b465ee728b)
Start importing Assets/_Animators/PlayButton.controller using Guid(b415d259e5fa0a14d837d87ffb89de95) Importer(815301076,1909f56bfc062723c751e8b465ee728b)  -> (artifact id: '8448cb312e69873812e89ad3ace68336') in 0.034298 seconds
  Import took 0.041456 seconds .

========================================================================
Received Import Request.
  Time since last request: 1.782482 seconds.
  path: Assets/_Animators/playButtonAnimator.anim
  artifactKey: Guid(1c0b88953f4d6474f995bd0a0c40d7d1) Importer(815301076,1909f56bfc062723c751e8b465ee728b)
Start importing Assets/_Animators/playButtonAnimator.anim using Guid(1c0b88953f4d6474f995bd0a0c40d7d1) Importer(815301076,1909f56bfc062723c751e8b465ee728b)  -> (artifact id: '64df98b4612c501a6f501835be502b90') in 0.026356 seconds
  Import took 0.033754 seconds .

========================================================================
Received Prepare
Registering precompiled user dll's ...
Registered in 0.002934 seconds.
Begin MonoManager ReloadAssembly
Native extension for WindowsStandalone target not found
Native extension for WebGL target not found
Refreshing native plugins compatible for Editor in 0.58 ms, found 0 plugins.
Preloading 0 native plugins for Editor in 0.00 ms.
Invoked RoslynAnalysisRunner static constructor.
RoslynAnalysisRunner will not be running.
RoslynAnalysisRunner has terminated.
Mono: successfully reloaded assembly
- Completed reload, in  1.137 seconds
Platform modules already initialized, skipping
Refreshing native plugins compatible for Editor in 0.35 ms, found 0 plugins.
Preloading 0 native plugins for Editor in 0.00 ms.
Unloading 1517 Unused Serialized files (Serialized files now loaded: 0)
System memory in use before: 87.8 MB.
System memory in use after: 87.6 MB.

Unloading 8 unused Assets to reduce memory usage. Loaded Objects now: 2045.
Total: 4.889500 ms (FindLiveObjects: 0.317800 ms CreateObjectMapping: 0.300100 ms MarkObjects: 3.419600 ms  DeleteObjects: 0.850100 ms)

========================================================================
Received Import Request.
  Time since last request: 119.370879 seconds.
  path: Assets/_Animators/playButton2.anim
  artifactKey: Guid(5ae2740ad39900d488b9389ff1671a5b) Importer(815301076,1909f56bfc062723c751e8b465ee728b)
Start importing Assets/_Animators/playButton2.anim using Guid(5ae2740ad39900d488b9389ff1671a5b) Importer(815301076,1909f56bfc062723c751e8b465ee728b)  -> (artifact id: '8ef6e65fe2d348e3f14c2c14e50ad2b4') in 0.021772 seconds
  Import took 0.026242 seconds .

========================================================================
Received Import Request.
  Time since last request: 90.394187 seconds.
  path: Assets/_Animators/playButton2.anim
  artifactKey: Guid(5ae2740ad39900d488b9389ff1671a5b) Importer(815301076,1909f56bfc062723c751e8b465ee728b)
Start importing Assets/_Animators/playButton2.anim using Guid(5ae2740ad39900d488b9389ff1671a5b) Importer(815301076,1909f56bfc062723c751e8b465ee728b)  -> (artifact id: 'ef2691a06791528554e0c223c1671154') in 0.005746 seconds
  Import took 0.009907 seconds .

========================================================================
Received Import Request.
  Time since last request: 0.006093 seconds.
  path: Assets/_Animators/playButton2.anim
  artifactKey: Guid(5ae2740ad39900d488b9389ff1671a5b) Importer(815301076,1909f56bfc062723c751e8b465ee728b)
Start importing Assets/_Animators/playButton2.anim using Guid(5ae2740ad39900d488b9389ff1671a5b) Importer(815301076,1909f56bfc062723c751e8b465ee728b)  -> (artifact id: 'ef2691a06791528554e0c223c1671154') in 0.007438 seconds
  Import took 0.012691 seconds .

========================================================================
Received Prepare
Registering precompiled user dll's ...
Registered in 0.001909 seconds.
Begin MonoManager ReloadAssembly
Native extension for WindowsStandalone target not found
Native extension for WebGL target not found
Refreshing native plugins compatible for Editor in 0.87 ms, found 0 plugins.
Preloading 0 native plugins for Editor in 0.00 ms.
Invoked RoslynAnalysisRunner static constructor.
RoslynAnalysisRunner will not be running.
RoslynAnalysisRunner has terminated.
Mono: successfully reloaded assembly
- Completed reload, in  1.217 seconds
Platform modules already initialized, skipping
Refreshing native plugins compatible for Editor in 0.34 ms, found 0 plugins.
Preloading 0 native plugins for Editor in 0.00 ms.
Unloading 1517 Unused Serialized files (Serialized files now loaded: 0)
System memory in use before: 87.8 MB.
System memory in use after: 87.6 MB.

Unloading 8 unused Assets to reduce memory usage. Loaded Objects now: 2047.
Total: 3.479600 ms (FindLiveObjects: 0.276000 ms CreateObjectMapping: 0.108200 ms MarkObjects: 2.556000 ms  DeleteObjects: 0.537100 ms)

========================================================================
Received Import Request.
  Time since last request: 61.497699 seconds.
  path: Assets/_Animators/playButton2 1.anim
  artifactKey: Guid(7c012d866036e374dbe0301d6e39786f) Importer(815301076,1909f56bfc062723c751e8b465ee728b)
Start importing Assets/_Animators/playButton2 1.anim using Guid(7c012d866036e374dbe0301d6e39786f) Importer(815301076,1909f56bfc062723c751e8b465ee728b)  -> (artifact id: '18d086aa64bbf29ca377e6aa2a2fea15') in 0.049592 seconds
  Import took 0.054317 seconds .

========================================================================
Received Import Request.
  Time since last request: 103.515908 seconds.
  path: Assets/_Animators/playButtonAnimator.anim
  artifactKey: Guid(1c0b88953f4d6474f995bd0a0c40d7d1) Importer(815301076,1909f56bfc062723c751e8b465ee728b)
Start importing Assets/_Animators/playButtonAnimator.anim using Guid(1c0b88953f4d6474f995bd0a0c40d7d1) Importer(815301076,1909f56bfc062723c751e8b465ee728b)  -> (artifact id: 'ad878aff18bd6273f8bb364dae70dab5') in 0.008465 seconds
  Import took 0.016964 seconds .

========================================================================
Received Prepare
Registering precompiled user dll's ...
Registered in 0.003666 seconds.
Begin MonoManager ReloadAssembly
Native extension for WindowsStandalone target not found
Native extension for WebGL target not found
Refreshing native plugins compatible for Editor in 0.98 ms, found 0 plugins.
Preloading 0 native plugins for Editor in 0.00 ms.
Invoked RoslynAnalysisRunner static constructor.
RoslynAnalysisRunner will not be running.
RoslynAnalysisRunner has terminated.
Mono: successfully reloaded assembly
- Completed reload, in  2.350 seconds
Platform modules already initialized, skipping
Refreshing native plugins compatible for Editor in 0.36 ms, found 0 plugins.
Preloading 0 native plugins for Editor in 0.00 ms.
Unloading 1517 Unused Serialized files (Serialized files now loaded: 0)
System memory in use before: 87.8 MB.
System memory in use after: 87.6 MB.

Unloading 8 unused Assets to reduce memory usage. Loaded Objects now: 2049.
Total: 3.718000 ms (FindLiveObjects: 0.496800 ms CreateObjectMapping: 0.156200 ms MarkObjects: 2.416900 ms  DeleteObjects: 0.646300 ms)

========================================================================
Received Import Request.
  Time since last request: 184.291428 seconds.
  path: Assets/_Animators/playButtonAnimator.anim
  artifactKey: Guid(1c0b88953f4d6474f995bd0a0c40d7d1) Importer(815301076,1909f56bfc062723c751e8b465ee728b)
Start importing Assets/_Animators/playButtonAnimator.anim using Guid(1c0b88953f4d6474f995bd0a0c40d7d1) Importer(815301076,1909f56bfc062723c751e8b465ee728b)  -> (artifact id: 'd60416271d606087b2b195bee717b224') in 0.041953 seconds
  Import took 0.060008 seconds .

========================================================================
Received Prepare
Registering precompiled user dll's ...
Registered in 0.006037 seconds.
Begin MonoManager ReloadAssembly
Native extension for WindowsStandalone target not found
Native extension for WebGL target not found
Refreshing native plugins compatible for Editor in 0.66 ms, found 0 plugins.
Preloading 0 native plugins for Editor in 0.00 ms.
Invoked RoslynAnalysisRunner static constructor.
RoslynAnalysisRunner will not be running.
RoslynAnalysisRunner has terminated.
Mono: successfully reloaded assembly
- Completed reload, in  1.710 seconds
Platform modules already initialized, skipping
Refreshing native plugins compatible for Editor in 0.40 ms, found 0 plugins.
Preloading 0 native plugins for Editor in 0.00 ms.
Unloading 1517 Unused Serialized files (Serialized files now loaded: 0)
System memory in use before: 87.8 MB.
System memory in use after: 87.6 MB.

Unloading 8 unused Assets to reduce memory usage. Loaded Objects now: 2051.
Total: 4.658900 ms (FindLiveObjects: 0.369600 ms CreateObjectMapping: 0.148400 ms MarkObjects: 3.366200 ms  DeleteObjects: 0.770200 ms)

========================================================================
Received Prepare
Registering precompiled user dll's ...
Registered in 0.001429 seconds.
Begin MonoManager ReloadAssembly
Native extension for WindowsStandalone target not found
Native extension for WebGL target not found
Refreshing native plugins compatible for Editor in 0.67 ms, found 0 plugins.
Preloading 0 native plugins for Editor in 0.00 ms.
Invoked RoslynAnalysisRunner static constructor.
RoslynAnalysisRunner will not be running.
RoslynAnalysisRunner has terminated.
Mono: successfully reloaded assembly
- Completed reload, in  1.356 seconds
Platform modules already initialized, skipping
Refreshing native plugins compatible for Editor in 0.41 ms, found 0 plugins.
Preloading 0 native plugins for Editor in 0.00 ms.
Unloading 1517 Unused Serialized files (Serialized files now loaded: 0)
System memory in use before: 87.9 MB.
System memory in use after: 87.7 MB.

Unloading 8 unused Assets to reduce memory usage. Loaded Objects now: 2053.
Total: 3.699900 ms (FindLiveObjects: 0.336800 ms CreateObjectMapping: 0.141900 ms MarkObjects: 2.756700 ms  DeleteObjects: 0.462700 ms)

========================================================================
Received Import Request.
  Time since last request: 326.872316 seconds.
  path: Assets/_Materials/Vanta.mat
  artifactKey: Guid(232891fb4c051044191567fb373b9491) Importer(815301076,1909f56bfc062723c751e8b465ee728b)
Start importing Assets/_Materials/Vanta.mat using Guid(232891fb4c051044191567fb373b9491) Importer(815301076,1909f56bfc062723c751e8b465ee728b)  -> (artifact id: '063a264569855175d88c66555249c3b3') in 0.237785 seconds
  Import took 0.243558 seconds .

========================================================================
Received Import Request.
  Time since last request: 155.003491 seconds.
  path: Assets/_Materials/Vanta.mat
  artifactKey: Guid(232891fb4c051044191567fb373b9491) Importer(815301076,1909f56bfc062723c751e8b465ee728b)
Start importing Assets/_Materials/Vanta.mat using Guid(232891fb4c051044191567fb373b9491) Importer(815301076,1909f56bfc062723c751e8b465ee728b)  -> (artifact id: '700839fc3a8e4f5d052ebd14e44c201e') in 0.048870 seconds
  Import took 0.080448 seconds .

========================================================================
Received Prepare
Registering precompiled user dll's ...
Registered in 0.034094 seconds.
Begin MonoManager ReloadAssembly
Native extension for WindowsStandalone target not found
Native extension for WebGL target not found
Refreshing native plugins compatible for Editor in 0.51 ms, found 0 plugins.
Preloading 0 native plugins for Editor in 0.00 ms.
Invoked RoslynAnalysisRunner static constructor.
RoslynAnalysisRunner will not be running.
RoslynAnalysisRunner has terminated.
Mono: successfully reloaded assembly
- Completed reload, in  1.384 seconds
Platform modules already initialized, skipping
Refreshing native plugins compatible for Editor in 0.50 ms, found 0 plugins.
Preloading 0 native plugins for Editor in 0.00 ms.
Unloading 1517 Unused Serialized files (Serialized files now loaded: 0)
System memory in use before: 91.2 MB.
System memory in use after: 91.0 MB.

Unloading 8 unused Assets to reduce memory usage. Loaded Objects now: 2095.
Total: 3.425300 ms (FindLiveObjects: 0.338300 ms CreateObjectMapping: 0.119400 ms MarkObjects: 2.360200 ms  DeleteObjects: 0.605500 ms)

========================================================================
Received Prepare
Registering precompiled user dll's ...
Registered in 0.003411 seconds.
Begin MonoManager ReloadAssembly
Native extension for WindowsStandalone target not found
Native extension for WebGL target not found
Refreshing native plugins compatible for Editor in 0.68 ms, found 0 plugins.
Preloading 0 native plugins for Editor in 0.00 ms.
Invoked RoslynAnalysisRunner static constructor.
RoslynAnalysisRunner will not be running.
RoslynAnalysisRunner has terminated.
Mono: successfully reloaded assembly
- Completed reload, in  1.411 seconds
Platform modules already initialized, skipping
Refreshing native plugins compatible for Editor in 0.34 ms, found 0 plugins.
Preloading 0 native plugins for Editor in 0.00 ms.
Unloading 1517 Unused Serialized files (Serialized files now loaded: 0)
System memory in use before: 91.2 MB.
System memory in use after: 91.0 MB.

Unloading 8 unused Assets to reduce memory usage. Loaded Objects now: 2097.
Total: 3.818700 ms (FindLiveObjects: 0.359500 ms CreateObjectMapping: 0.120900 ms MarkObjects: 2.681900 ms  DeleteObjects: 0.654500 ms)

========================================================================
Received Prepare
Registering precompiled user dll's ...
Registered in 0.001587 seconds.
Begin MonoManager ReloadAssembly
Native extension for WindowsStandalone target not found
Native extension for WebGL target not found
Refreshing native plugins compatible for Editor in 0.37 ms, found 0 plugins.
Preloading 0 native plugins for Editor in 0.00 ms.
Invoked RoslynAnalysisRunner static constructor.
RoslynAnalysisRunner will not be running.
RoslynAnalysisRunner has terminated.
Mono: successfully reloaded assembly
- Completed reload, in  1.237 seconds
Platform modules already initialized, skipping
Refreshing native plugins compatible for Editor in 0.41 ms, found 0 plugins.
Preloading 0 native plugins for Editor in 0.00 ms.
Unloading 1517 Unused Serialized files (Serialized files now loaded: 0)
System memory in use before: 91.2 MB.
System memory in use after: 91.0 MB.

Unloading 8 unused Assets to reduce memory usage. Loaded Objects now: 2099.
Total: 4.602500 ms (FindLiveObjects: 0.458700 ms CreateObjectMapping: 0.143200 ms MarkObjects: 3.418400 ms  DeleteObjects: 0.580300 ms)

========================================================================
Received Prepare
Registering precompiled user dll's ...
Registered in 0.004501 seconds.
Begin MonoManager ReloadAssembly
Native extension for WindowsStandalone target not found
Native extension for WebGL target not found
Refreshing native plugins compatible for Editor in 0.73 ms, found 0 plugins.
Preloading 0 native plugins for Editor in 0.00 ms.
Invoked RoslynAnalysisRunner static constructor.
RoslynAnalysisRunner will not be running.
RoslynAnalysisRunner has terminated.
Mono: successfully reloaded assembly
- Completed reload, in  2.399 seconds
Platform modules already initialized, skipping
Refreshing native plugins compatible for Editor in 0.59 ms, found 0 plugins.
Preloading 0 native plugins for Editor in 0.00 ms.
Unloading 1517 Unused Serialized files (Serialized files now loaded: 0)
System memory in use before: 91.2 MB.
System memory in use after: 91.0 MB.

Unloading 8 unused Assets to reduce memory usage. Loaded Objects now: 2101.
Total: 15.052100 ms (FindLiveObjects: 0.517200 ms CreateObjectMapping: 0.139700 ms MarkObjects: 11.995200 ms  DeleteObjects: 2.387400 ms)

========================================================================
Received Prepare
Registering precompiled user dll's ...
Registered in 0.003145 seconds.
Begin MonoManager ReloadAssembly
Native extension for WindowsStandalone target not found
Native extension for WebGL target not found
Refreshing native plugins compatible for Editor in 0.39 ms, found 0 plugins.
Preloading 0 native plugins for Editor in 0.00 ms.
Invoked RoslynAnalysisRunner static constructor.
RoslynAnalysisRunner will not be running.
RoslynAnalysisRunner has terminated.
Mono: successfully reloaded assembly
- Completed reload, in  1.715 seconds
Platform modules already initialized, skipping
Refreshing native plugins compatible for Editor in 0.61 ms, found 0 plugins.
Preloading 0 native plugins for Editor in 0.00 ms.
Unloading 1517 Unused Serialized files (Serialized files now loaded: 0)
System memory in use before: 91.2 MB.
System memory in use after: 91.0 MB.

Unloading 8 unused Assets to reduce memory usage. Loaded Objects now: 2103.
Total: 5.129100 ms (FindLiveObjects: 0.294200 ms CreateObjectMapping: 0.399600 ms MarkObjects: 4.018700 ms  DeleteObjects: 0.414700 ms)

========================================================================
Received Import Request.
  Time since last request: 7025.980133 seconds.
  path: Assets/_Sprites/backbuttton.png
  artifactKey: Guid(4832e6c3c2c6f044b88832cf2b371767) Importer(815301076,1909f56bfc062723c751e8b465ee728b)
Start importing Assets/_Sprites/backbuttton.png using Guid(4832e6c3c2c6f044b88832cf2b371767) Importer(815301076,1909f56bfc062723c751e8b465ee728b)  -> (artifact id: 'a9616c8d4a4f98edcdf014dd41962a82') in 0.173968 seconds
  Import took 0.181568 seconds .

========================================================================
Received Import Request.
  Time since last request: 7.638445 seconds.
  path: Assets/_Sprites/backbuttton.png
  artifactKey: Guid(4832e6c3c2c6f044b88832cf2b371767) Importer(815301076,1909f56bfc062723c751e8b465ee728b)
Start importing Assets/_Sprites/backbuttton.png using Guid(4832e6c3c2c6f044b88832cf2b371767) Importer(815301076,1909f56bfc062723c751e8b465ee728b)  -> (artifact id: 'dc4462642dd2bb330361f292fd46dfc9') in 0.106881 seconds
  Import took 0.111686 seconds .

========================================================================
Received Prepare
Registering precompiled user dll's ...
Registered in 0.008046 seconds.
Begin MonoManager ReloadAssembly
Native extension for WindowsStandalone target not found
Native extension for WebGL target not found
Refreshing native plugins compatible for Editor in 0.75 ms, found 0 plugins.
Preloading 0 native plugins for Editor in 0.00 ms.
Invoked RoslynAnalysisRunner static constructor.
RoslynAnalysisRunner will not be running.
RoslynAnalysisRunner has terminated.
Mono: successfully reloaded assembly
- Completed reload, in  3.890 seconds
Platform modules already initialized, skipping
Refreshing native plugins compatible for Editor in 1.45 ms, found 0 plugins.
Preloading 0 native plugins for Editor in 0.00 ms.
Unloading 1517 Unused Serialized files (Serialized files now loaded: 0)
System memory in use before: 91.2 MB.
System memory in use after: 91.0 MB.

Unloading 8 unused Assets to reduce memory usage. Loaded Objects now: 2109.
Total: 8.832100 ms (FindLiveObjects: 1.040200 ms CreateObjectMapping: 0.381500 ms MarkObjects: 6.682100 ms  DeleteObjects: 0.725200 ms)

========================================================================
Received Import Request.
  Time since last request: 730.194349 seconds.
  path: Assets/_Animators/playButtonAnimator.anim
  artifactKey: Guid(1c0b88953f4d6474f995bd0a0c40d7d1) Importer(815301076,1909f56bfc062723c751e8b465ee728b)
Start importing Assets/_Animators/playButtonAnimator.anim using Guid(1c0b88953f4d6474f995bd0a0c40d7d1) Importer(815301076,1909f56bfc062723c751e8b465ee728b)  -> (artifact id: 'd5c60485ea91a0edec5c900e811c321a') in 0.108716 seconds
  Import took 0.116343 seconds .

========================================================================
Received Import Request.
  Time since last request: 2.557774 seconds.
  path: Assets/_Animators/PlayButton.controller
  artifactKey: Guid(b415d259e5fa0a14d837d87ffb89de95) Importer(815301076,1909f56bfc062723c751e8b465ee728b)
Start importing Assets/_Animators/PlayButton.controller using Guid(b415d259e5fa0a14d837d87ffb89de95) Importer(815301076,1909f56bfc062723c751e8b465ee728b)  -> (artifact id: 'bd5cc64a1b1b7bba63e66e8701f8d3fb') in 0.027780 seconds
  Import took 0.038103 seconds .

========================================================================
Received Prepare
Registering precompiled user dll's ...
Registered in 0.002190 seconds.
Begin MonoManager ReloadAssembly
Native extension for WindowsStandalone target not found
Native extension for WebGL target not found
Refreshing native plugins compatible for Editor in 0.44 ms, found 0 plugins.
Preloading 0 native plugins for Editor in 0.00 ms.
Invoked RoslynAnalysisRunner static constructor.
RoslynAnalysisRunner will not be running.
RoslynAnalysisRunner has terminated.
Mono: successfully reloaded assembly
- Completed reload, in  2.092 seconds
Platform modules already initialized, skipping
Refreshing native plugins compatible for Editor in 0.43 ms, found 0 plugins.
Preloading 0 native plugins for Editor in 0.00 ms.
Unloading 1517 Unused Serialized files (Serialized files now loaded: 0)
System memory in use before: 91.2 MB.
System memory in use after: 91.0 MB.

Unloading 8 unused Assets to reduce memory usage. Loaded Objects now: 2111.
Total: 7.248700 ms (FindLiveObjects: 0.336600 ms CreateObjectMapping: 0.137800 ms MarkObjects: 5.548000 ms  DeleteObjects: 1.223400 ms)

========================================================================
Received Prepare
Registering precompiled user dll's ...
Registered in 0.002197 seconds.
Begin MonoManager ReloadAssembly
Native extension for WindowsStandalone target not found
Native extension for WebGL target not found
Refreshing native plugins compatible for Editor in 0.39 ms, found 0 plugins.
Preloading 0 native plugins for Editor in 0.00 ms.
Invoked RoslynAnalysisRunner static constructor.
RoslynAnalysisRunner will not be running.
RoslynAnalysisRunner has terminated.
Mono: successfully reloaded assembly
- Completed reload, in  1.910 seconds
Platform modules already initialized, skipping
Refreshing native plugins compatible for Editor in 0.62 ms, found 0 plugins.
Preloading 0 native plugins for Editor in 0.00 ms.
Unloading 1517 Unused Serialized files (Serialized files now loaded: 0)
System memory in use before: 91.2 MB.
System memory in use after: 91.0 MB.

Unloading 8 unused Assets to reduce memory usage. Loaded Objects now: 2113.
Total: 4.273700 ms (FindLiveObjects: 0.433500 ms CreateObjectMapping: 0.125500 ms MarkObjects: 3.116000 ms  DeleteObjects: 0.595800 ms)

========================================================================
Received Prepare
Registering precompiled user dll's ...
Registered in 0.003313 seconds.
Begin MonoManager ReloadAssembly
Native extension for WindowsStandalone target not found
Native extension for WebGL target not found
Refreshing native plugins compatible for Editor in 0.68 ms, found 0 plugins.
Preloading 0 native plugins for Editor in 0.00 ms.
Invoked RoslynAnalysisRunner static constructor.
RoslynAnalysisRunner will not be running.
RoslynAnalysisRunner has terminated.
Mono: successfully reloaded assembly
- Completed reload, in  2.405 seconds
Platform modules already initialized, skipping
Refreshing native plugins compatible for Editor in 0.40 ms, found 0 plugins.
Preloading 0 native plugins for Editor in 0.00 ms.
Unloading 1517 Unused Serialized files (Serialized files now loaded: 0)
System memory in use before: 91.2 MB.
System memory in use after: 91.0 MB.

Unloading 8 unused Assets to reduce memory usage. Loaded Objects now: 2115.
Total: 5.995200 ms (FindLiveObjects: 0.339700 ms CreateObjectMapping: 0.152600 ms MarkObjects: 4.697800 ms  DeleteObjects: 0.803100 ms)

========================================================================
Received Import Request.
  Time since last request: 233.745658 seconds.
  path: Assets/_Animators/CircularList.controller
  artifactKey: Guid(b3ac405f1e454be47bb88c1b0fbeba7e) Importer(815301076,1909f56bfc062723c751e8b465ee728b)
Start importing Assets/_Animators/CircularList.controller using Guid(b3ac405f1e454be47bb88c1b0fbeba7e) Importer(815301076,1909f56bfc062723c751e8b465ee728b)  -> (artifact id: '58506ab29a522f012ecc310978cd7097') in 0.184375 seconds
  Import took 0.193806 seconds .

========================================================================
Received Prepare
Registering precompiled user dll's ...
Registered in 0.002539 seconds.
Begin MonoManager ReloadAssembly
Native extension for WindowsStandalone target not found
Native extension for WebGL target not found
Refreshing native plugins compatible for Editor in 0.62 ms, found 0 plugins.
Preloading 0 native plugins for Editor in 0.00 ms.
Invoked RoslynAnalysisRunner static constructor.
RoslynAnalysisRunner will not be running.
RoslynAnalysisRunner has terminated.
Mono: successfully reloaded assembly
- Completed reload, in  1.917 seconds
Platform modules already initialized, skipping
Refreshing native plugins compatible for Editor in 0.74 ms, found 0 plugins.
Preloading 0 native plugins for Editor in 0.00 ms.
Unloading 1517 Unused Serialized files (Serialized files now loaded: 0)
System memory in use before: 91.3 MB.
System memory in use after: 91.1 MB.

Unloading 8 unused Assets to reduce memory usage. Loaded Objects now: 2117.
Total: 5.518200 ms (FindLiveObjects: 1.323000 ms CreateObjectMapping: 0.200900 ms MarkObjects: 3.319800 ms  DeleteObjects: 0.671700 ms)

========================================================================
Received Prepare
Registering precompiled user dll's ...
Registered in 0.003341 seconds.
Begin MonoManager ReloadAssembly
Native extension for WindowsStandalone target not found
Native extension for WebGL target not found
Refreshing native plugins compatible for Editor in 0.53 ms, found 0 plugins.
Preloading 0 native plugins for Editor in 0.00 ms.
Invoked RoslynAnalysisRunner static constructor.
RoslynAnalysisRunner will not be running.
RoslynAnalysisRunner has terminated.
Mono: successfully reloaded assembly
- Completed reload, in  1.386 seconds
Platform modules already initialized, skipping
Refreshing native plugins compatible for Editor in 0.36 ms, found 0 plugins.
Preloading 0 native plugins for Editor in 0.00 ms.
Unloading 1517 Unused Serialized files (Serialized files now loaded: 0)
System memory in use before: 91.3 MB.
System memory in use after: 91.0 MB.

Unloading 8 unused Assets to reduce memory usage. Loaded Objects now: 2119.
Total: 3.198800 ms (FindLiveObjects: 0.215000 ms CreateObjectMapping: 0.108600 ms MarkObjects: 2.239600 ms  DeleteObjects: 0.632500 ms)

========================================================================
Received Import Request.
  Time since last request: 342.668655 seconds.
  path: Assets/_Animators/reversePlayButtonAnimator.anim
  artifactKey: Guid(3e051fccd4027c646a736c46948f4f52) Importer(815301076,1909f56bfc062723c751e8b465ee728b)
Start importing Assets/_Animators/reversePlayButtonAnimator.anim using Guid(3e051fccd4027c646a736c46948f4f52) Importer(815301076,1909f56bfc062723c751e8b465ee728b)  -> (artifact id: 'e726013c34f6ebaf1180667a1074fce3') in 0.055796 seconds
  Import took 0.068446 seconds .

========================================================================
Received Prepare
Registering precompiled user dll's ...
Registered in 0.003019 seconds.
Begin MonoManager ReloadAssembly
Native extension for WindowsStandalone target not found
Native extension for WebGL target not found
Refreshing native plugins compatible for Editor in 0.69 ms, found 0 plugins.
Preloading 0 native plugins for Editor in 0.00 ms.
Invoked RoslynAnalysisRunner static constructor.
RoslynAnalysisRunner will not be running.
RoslynAnalysisRunner has terminated.
Mono: successfully reloaded assembly
- Completed reload, in  2.137 seconds
Platform modules already initialized, skipping
Refreshing native plugins compatible for Editor in 0.68 ms, found 0 plugins.
Preloading 0 native plugins for Editor in 0.00 ms.
Unloading 1517 Unused Serialized files (Serialized files now loaded: 0)
System memory in use before: 91.3 MB.
System memory in use after: 91.0 MB.

Unloading 8 unused Assets to reduce memory usage. Loaded Objects now: 2121.
Total: 11.410300 ms (FindLiveObjects: 7.073800 ms CreateObjectMapping: 0.126200 ms MarkObjects: 3.522900 ms  DeleteObjects: 0.684200 ms)

========================================================================
Received Prepare
Registering precompiled user dll's ...
Registered in 0.001975 seconds.
Begin MonoManager ReloadAssembly
Native extension for WindowsStandalone target not found
Native extension for WebGL target not found
Refreshing native plugins compatible for Editor in 0.59 ms, found 0 plugins.
Preloading 0 native plugins for Editor in 0.00 ms.
Invoked RoslynAnalysisRunner static constructor.
RoslynAnalysisRunner will not be running.
RoslynAnalysisRunner has terminated.
Mono: successfully reloaded assembly
- Completed reload, in  3.072 seconds
Platform modules already initialized, skipping
Refreshing native plugins compatible for Editor in 0.48 ms, found 0 plugins.
Preloading 0 native plugins for Editor in 0.00 ms.
Unloading 1517 Unused Serialized files (Serialized files now loaded: 0)
System memory in use before: 91.3 MB.
System memory in use after: 91.0 MB.

Unloading 8 unused Assets to reduce memory usage. Loaded Objects now: 2123.
Total: 4.536100 ms (FindLiveObjects: 0.385200 ms CreateObjectMapping: 0.148000 ms MarkObjects: 3.207600 ms  DeleteObjects: 0.792000 ms)

========================================================================
Received Import Request.
  Time since last request: 328.958249 seconds.
  path: Assets/_Animators/PlayButton.controller
  artifactKey: Guid(b415d259e5fa0a14d837d87ffb89de95) Importer(815301076,1909f56bfc062723c751e8b465ee728b)
Start importing Assets/_Animators/PlayButton.controller using Guid(b415d259e5fa0a14d837d87ffb89de95) Importer(815301076,1909f56bfc062723c751e8b465ee728b)  -> (artifact id: 'c83d4ee812eb1de99f63c76932d7b74a') in 0.022709 seconds
  Import took 0.028761 seconds .

========================================================================
Received Import Request.
  Time since last request: 0.004567 seconds.
  path: Assets/_Animators/PlayButton.controller
  artifactKey: Guid(b415d259e5fa0a14d837d87ffb89de95) Importer(815301076,1909f56bfc062723c751e8b465ee728b)
Start importing Assets/_Animators/PlayButton.controller using Guid(b415d259e5fa0a14d837d87ffb89de95) Importer(815301076,1909f56bfc062723c751e8b465ee728b)  -> (artifact id: 'c83d4ee812eb1de99f63c76932d7b74a') in 0.012833 seconds
  Import took 0.021265 seconds .

========================================================================
Received Prepare
Registering precompiled user dll's ...
Registered in 0.002102 seconds.
Begin MonoManager ReloadAssembly
Native extension for WindowsStandalone target not found
Native extension for WebGL target not found
Refreshing native plugins compatible for Editor in 0.58 ms, found 0 plugins.
Preloading 0 native plugins for Editor in 0.00 ms.
Invoked RoslynAnalysisRunner static constructor.
RoslynAnalysisRunner will not be running.
RoslynAnalysisRunner has terminated.
Mono: successfully reloaded assembly
- Completed reload, in  1.494 seconds
Platform modules already initialized, skipping
Refreshing native plugins compatible for Editor in 0.70 ms, found 0 plugins.
Preloading 0 native plugins for Editor in 0.00 ms.
Unloading 1517 Unused Serialized files (Serialized files now loaded: 0)
System memory in use before: 91.2 MB.
System memory in use after: 91.0 MB.

Unloading 8 unused Assets to reduce memory usage. Loaded Objects now: 2125.
Total: 5.011900 ms (FindLiveObjects: 0.745600 ms CreateObjectMapping: 0.320300 ms MarkObjects: 3.281000 ms  DeleteObjects: 0.662200 ms)

========================================================================
Received Prepare
Registering precompiled user dll's ...
Registered in 0.005102 seconds.
Begin MonoManager ReloadAssembly
Native extension for WindowsStandalone target not found
Native extension for WebGL target not found
Refreshing native plugins compatible for Editor in 0.44 ms, found 0 plugins.
Preloading 0 native plugins for Editor in 0.00 ms.
Invoked RoslynAnalysisRunner static constructor.
RoslynAnalysisRunner will not be running.
RoslynAnalysisRunner has terminated.
Mono: successfully reloaded assembly
- Completed reload, in  1.943 seconds
Platform modules already initialized, skipping
Refreshing native plugins compatible for Editor in 0.86 ms, found 0 plugins.
Preloading 0 native plugins for Editor in 0.00 ms.
Unloading 1517 Unused Serialized files (Serialized files now loaded: 0)
System memory in use before: 91.3 MB.
System memory in use after: 91.0 MB.

Unloading 8 unused Assets to reduce memory usage. Loaded Objects now: 2127.
Total: 7.800800 ms (FindLiveObjects: 1.235900 ms CreateObjectMapping: 0.389700 ms MarkObjects: 5.562900 ms  DeleteObjects: 0.610700 ms)

========================================================================
Received Prepare
Registering precompiled user dll's ...
Registered in 0.002033 seconds.
Begin MonoManager ReloadAssembly
Native extension for WindowsStandalone target not found
Native extension for WebGL target not found
Refreshing native plugins compatible for Editor in 0.39 ms, found 0 plugins.
Preloading 0 native plugins for Editor in 0.00 ms.
Invoked RoslynAnalysisRunner static constructor.
RoslynAnalysisRunner will not be running.
RoslynAnalysisRunner has terminated.
Mono: successfully reloaded assembly
- Completed reload, in  1.626 seconds
Platform modules already initialized, skipping
Refreshing native plugins compatible for Editor in 0.66 ms, found 0 plugins.
Preloading 0 native plugins for Editor in 0.00 ms.
Unloading 1517 Unused Serialized files (Serialized files now loaded: 0)
System memory in use before: 91.3 MB.
System memory in use after: 91.1 MB.

Unloading 8 unused Assets to reduce memory usage. Loaded Objects now: 2129.
Total: 4.638300 ms (FindLiveObjects: 0.657800 ms CreateObjectMapping: 0.124900 ms MarkObjects: 3.095600 ms  DeleteObjects: 0.757900 ms)

========================================================================
Received Import Request.
  Time since last request: 703.416897 seconds.
  path: Assets/_Animators/CircularList.controller
  artifactKey: Guid(b3ac405f1e454be47bb88c1b0fbeba7e) Importer(815301076,1909f56bfc062723c751e8b465ee728b)
Start importing Assets/_Animators/CircularList.controller using Guid(b3ac405f1e454be47bb88c1b0fbeba7e) Importer(815301076,1909f56bfc062723c751e8b465ee728b)  -> (artifact id: 'c967553fe557d24087ecffa6a4ae817e') in 0.065645 seconds
  Import took 0.072326 seconds .

========================================================================
Received Prepare
Registering precompiled user dll's ...
Registered in 0.001672 seconds.
Begin MonoManager ReloadAssembly
Native extension for WindowsStandalone target not found
Native extension for WebGL target not found
Refreshing native plugins compatible for Editor in 0.59 ms, found 0 plugins.
Preloading 0 native plugins for Editor in 0.00 ms.
Invoked RoslynAnalysisRunner static constructor.
RoslynAnalysisRunner will not be running.
RoslynAnalysisRunner has terminated.
Mono: successfully reloaded assembly
- Completed reload, in  1.866 seconds
Platform modules already initialized, skipping
Refreshing native plugins compatible for Editor in 0.50 ms, found 0 plugins.
Preloading 0 native plugins for Editor in 0.00 ms.
Unloading 1517 Unused Serialized files (Serialized files now loaded: 0)
System memory in use before: 91.3 MB.
System memory in use after: 91.1 MB.

Unloading 8 unused Assets to reduce memory usage. Loaded Objects now: 2131.
Total: 3.242600 ms (FindLiveObjects: 0.292300 ms CreateObjectMapping: 0.124400 ms MarkObjects: 2.287000 ms  DeleteObjects: 0.537000 ms)

========================================================================
Received Prepare
Registering precompiled user dll's ...
Registered in 0.005309 seconds.
Begin MonoManager ReloadAssembly
Native extension for WindowsStandalone target not found
Native extension for WebGL target not found
Refreshing native plugins compatible for Editor in 0.54 ms, found 0 plugins.
Preloading 0 native plugins for Editor in 0.00 ms.
Invoked RoslynAnalysisRunner static constructor.
RoslynAnalysisRunner will not be running.
RoslynAnalysisRunner has terminated.
Mono: successfully reloaded assembly
- Completed reload, in  2.036 seconds
Platform modules already initialized, skipping
Refreshing native plugins compatible for Editor in 0.35 ms, found 0 plugins.
Preloading 0 native plugins for Editor in 0.00 ms.
Unloading 1517 Unused Serialized files (Serialized files now loaded: 0)
System memory in use before: 91.3 MB.
System memory in use after: 91.1 MB.

Unloading 8 unused Assets to reduce memory usage. Loaded Objects now: 2133.
Total: 3.544500 ms (FindLiveObjects: 0.330000 ms CreateObjectMapping: 0.084500 ms MarkObjects: 2.588300 ms  DeleteObjects: 0.539600 ms)

========================================================================
Received Prepare
Registering precompiled user dll's ...
Registered in 0.001524 seconds.
Begin MonoManager ReloadAssembly
Native extension for WindowsStandalone target not found
Native extension for WebGL target not found
Refreshing native plugins compatible for Editor in 0.76 ms, found 0 plugins.
Preloading 0 native plugins for Editor in 0.00 ms.
Invoked RoslynAnalysisRunner static constructor.
RoslynAnalysisRunner will not be running.
RoslynAnalysisRunner has terminated.
Mono: successfully reloaded assembly
- Completed reload, in  2.013 seconds
Platform modules already initialized, skipping
Refreshing native plugins compatible for Editor in 0.46 ms, found 0 plugins.
Preloading 0 native plugins for Editor in 0.00 ms.
Unloading 1517 Unused Serialized files (Serialized files now loaded: 0)
System memory in use before: 91.3 MB.
System memory in use after: 91.1 MB.

Unloading 8 unused Assets to reduce memory usage. Loaded Objects now: 2135.
Total: 6.977000 ms (FindLiveObjects: 0.668800 ms CreateObjectMapping: 0.161500 ms MarkObjects: 5.045000 ms  DeleteObjects: 1.098700 ms)

========================================================================
Received Prepare
Registering precompiled user dll's ...
Registered in 0.008041 seconds.
Begin MonoManager ReloadAssembly
Native extension for WindowsStandalone target not found
Native extension for WebGL target not found
Refreshing native plugins compatible for Editor in 0.68 ms, found 0 plugins.
Preloading 0 native plugins for Editor in 0.00 ms.
Invoked RoslynAnalysisRunner static constructor.
RoslynAnalysisRunner will not be running.
RoslynAnalysisRunner has terminated.
Mono: successfully reloaded assembly
- Completed reload, in  2.097 seconds
Platform modules already initialized, skipping
Refreshing native plugins compatible for Editor in 0.71 ms, found 0 plugins.
Preloading 0 native plugins for Editor in 0.00 ms.
Unloading 1517 Unused Serialized files (Serialized files now loaded: 0)
System memory in use before: 91.3 MB.
System memory in use after: 91.1 MB.

Unloading 8 unused Assets to reduce memory usage. Loaded Objects now: 2137.
Total: 4.256000 ms (FindLiveObjects: 0.364800 ms CreateObjectMapping: 0.110800 ms MarkObjects: 3.115900 ms  DeleteObjects: 0.663000 ms)

========================================================================
Received Prepare
Registering precompiled user dll's ...
Registered in 0.003231 seconds.
Begin MonoManager ReloadAssembly
Native extension for WindowsStandalone target not found
Native extension for WebGL target not found
Refreshing native plugins compatible for Editor in 0.37 ms, found 0 plugins.
Preloading 0 native plugins for Editor in 0.00 ms.
Invoked RoslynAnalysisRunner static constructor.
RoslynAnalysisRunner will not be running.
RoslynAnalysisRunner has terminated.
Mono: successfully reloaded assembly
- Completed reload, in  1.770 seconds
Platform modules already initialized, skipping
Refreshing native plugins compatible for Editor in 0.34 ms, found 0 plugins.
Preloading 0 native plugins for Editor in 0.00 ms.
Unloading 1517 Unused Serialized files (Serialized files now loaded: 0)
System memory in use before: 91.3 MB.
System memory in use after: 91.1 MB.

Unloading 8 unused Assets to reduce memory usage. Loaded Objects now: 2139.
Total: 3.516700 ms (FindLiveObjects: 0.365500 ms CreateObjectMapping: 0.113200 ms MarkObjects: 2.408400 ms  DeleteObjects: 0.626600 ms)

========================================================================
Received Prepare
Registering precompiled user dll's ...
Registered in 0.003154 seconds.
Begin MonoManager ReloadAssembly
Native extension for WindowsStandalone target not found
Native extension for WebGL target not found
Refreshing native plugins compatible for Editor in 0.60 ms, found 0 plugins.
Preloading 0 native plugins for Editor in 0.00 ms.
Invoked RoslynAnalysisRunner static constructor.
RoslynAnalysisRunner will not be running.
RoslynAnalysisRunner has terminated.
Mono: successfully reloaded assembly
- Completed reload, in  1.552 seconds
Platform modules already initialized, skipping
Refreshing native plugins compatible for Editor in 0.36 ms, found 0 plugins.
Preloading 0 native plugins for Editor in 0.00 ms.
Unloading 1517 Unused Serialized files (Serialized files now loaded: 0)
System memory in use before: 91.3 MB.
System memory in use after: 91.1 MB.

Unloading 8 unused Assets to reduce memory usage. Loaded Objects now: 2141.
Total: 4.803400 ms (FindLiveObjects: 0.291500 ms CreateObjectMapping: 0.098500 ms MarkObjects: 3.537300 ms  DeleteObjects: 0.873600 ms)

========================================================================
Received Prepare
Registering precompiled user dll's ...
Registered in 0.002221 seconds.
Begin MonoManager ReloadAssembly
Native extension for WindowsStandalone target not found
Native extension for WebGL target not found
Refreshing native plugins compatible for Editor in 0.57 ms, found 0 plugins.
Preloading 0 native plugins for Editor in 0.00 ms.
Invoked RoslynAnalysisRunner static constructor.
RoslynAnalysisRunner will not be running.
RoslynAnalysisRunner has terminated.
Mono: successfully reloaded assembly
- Completed reload, in  2.770 seconds
Platform modules already initialized, skipping
Refreshing native plugins compatible for Editor in 0.46 ms, found 0 plugins.
Preloading 0 native plugins for Editor in 0.00 ms.
Unloading 1517 Unused Serialized files (Serialized files now loaded: 0)
System memory in use before: 91.3 MB.
System memory in use after: 91.1 MB.

Unloading 8 unused Assets to reduce memory usage. Loaded Objects now: 2143.
Total: 5.639200 ms (FindLiveObjects: 0.474500 ms CreateObjectMapping: 0.519200 ms MarkObjects: 3.840300 ms  DeleteObjects: 0.802400 ms)

========================================================================
Received Prepare
Registering precompiled user dll's ...
Registered in 0.002028 seconds.
Begin MonoManager ReloadAssembly
Native extension for WindowsStandalone target not found
Native extension for WebGL target not found
Refreshing native plugins compatible for Editor in 0.70 ms, found 0 plugins.
Preloading 0 native plugins for Editor in 0.00 ms.
Invoked RoslynAnalysisRunner static constructor.
RoslynAnalysisRunner will not be running.
RoslynAnalysisRunner has terminated.
Mono: successfully reloaded assembly
- Completed reload, in  2.458 seconds
Platform modules already initialized, skipping
Refreshing native plugins compatible for Editor in 0.46 ms, found 0 plugins.
Preloading 0 native plugins for Editor in 0.00 ms.
Unloading 1517 Unused Serialized files (Serialized files now loaded: 0)
System memory in use before: 91.3 MB.
System memory in use after: 91.1 MB.

Unloading 8 unused Assets to reduce memory usage. Loaded Objects now: 2145.
Total: 3.627900 ms (FindLiveObjects: 0.538200 ms CreateObjectMapping: 0.173200 ms MarkObjects: 2.244200 ms  DeleteObjects: 0.670600 ms)

========================================================================
Received Prepare
Registering precompiled user dll's ...
Registered in 0.012630 seconds.
Begin MonoManager ReloadAssembly
Native extension for WindowsStandalone target not found
Native extension for WebGL target not found
Refreshing native plugins compatible for Editor in 0.45 ms, found 0 plugins.
Preloading 0 native plugins for Editor in 0.00 ms.
Invoked RoslynAnalysisRunner static constructor.
RoslynAnalysisRunner will not be running.
RoslynAnalysisRunner has terminated.
Mono: successfully reloaded assembly
- Completed reload, in  2.398 seconds
Platform modules already initialized, skipping
Refreshing native plugins compatible for Editor in 0.39 ms, found 0 plugins.
Preloading 0 native plugins for Editor in 0.00 ms.
Unloading 1517 Unused Serialized files (Serialized files now loaded: 0)
System memory in use before: 91.3 MB.
System memory in use after: 91.1 MB.

Unloading 8 unused Assets to reduce memory usage. Loaded Objects now: 2147.
Total: 3.632500 ms (FindLiveObjects: 0.306100 ms CreateObjectMapping: 0.123000 ms MarkObjects: 2.637200 ms  DeleteObjects: 0.564500 ms)

========================================================================
Received Prepare
Registering precompiled user dll's ...
Registered in 0.003078 seconds.
Begin MonoManager ReloadAssembly
Native extension for WindowsStandalone target not found
Native extension for WebGL target not found
Refreshing native plugins compatible for Editor in 0.43 ms, found 0 plugins.
Preloading 0 native plugins for Editor in 0.00 ms.
Invoked RoslynAnalysisRunner static constructor.
RoslynAnalysisRunner will not be running.
RoslynAnalysisRunner has terminated.
Mono: successfully reloaded assembly
- Completed reload, in  1.836 seconds
Platform modules already initialized, skipping
Refreshing native plugins compatible for Editor in 0.62 ms, found 0 plugins.
Preloading 0 native plugins for Editor in 0.00 ms.
Unloading 1517 Unused Serialized files (Serialized files now loaded: 0)
System memory in use before: 91.3 MB.
System memory in use after: 91.1 MB.

Unloading 8 unused Assets to reduce memory usage. Loaded Objects now: 2149.
Total: 2.750600 ms (FindLiveObjects: 0.271300 ms CreateObjectMapping: 0.070200 ms MarkObjects: 1.896400 ms  DeleteObjects: 0.510900 ms)

========================================================================
Received Prepare
Registering precompiled user dll's ...
Registered in 0.003414 seconds.
Begin MonoManager ReloadAssembly
Native extension for WindowsStandalone target not found
Native extension for WebGL target not found
Refreshing native plugins compatible for Editor in 0.39 ms, found 0 plugins.
Preloading 0 native plugins for Editor in 0.00 ms.
Invoked RoslynAnalysisRunner static constructor.
RoslynAnalysisRunner will not be running.
RoslynAnalysisRunner has terminated.
Mono: successfully reloaded assembly
- Completed reload, in  1.439 seconds
Platform modules already initialized, skipping
Refreshing native plugins compatible for Editor in 0.69 ms, found 0 plugins.
Preloading 0 native plugins for Editor in 0.00 ms.
Unloading 1517 Unused Serialized files (Serialized files now loaded: 0)
System memory in use before: 91.3 MB.
System memory in use after: 91.1 MB.

Unloading 8 unused Assets to reduce memory usage. Loaded Objects now: 2151.
Total: 7.700300 ms (FindLiveObjects: 1.113500 ms CreateObjectMapping: 0.162400 ms MarkObjects: 5.599400 ms  DeleteObjects: 0.822300 ms)

========================================================================
Received Prepare
Registering precompiled user dll's ...
Registered in 0.001981 seconds.
Begin MonoManager ReloadAssembly
Native extension for WindowsStandalone target not found
Native extension for WebGL target not found
Refreshing native plugins compatible for Editor in 0.40 ms, found 0 plugins.
Preloading 0 native plugins for Editor in 0.00 ms.
Invoked RoslynAnalysisRunner static constructor.
RoslynAnalysisRunner will not be running.
RoslynAnalysisRunner has terminated.
Mono: successfully reloaded assembly
- Completed reload, in  1.588 seconds
Platform modules already initialized, skipping
Refreshing native plugins compatible for Editor in 0.44 ms, found 0 plugins.
Preloading 0 native plugins for Editor in 0.00 ms.
Unloading 1517 Unused Serialized files (Serialized files now loaded: 0)
System memory in use before: 91.3 MB.
System memory in use after: 91.1 MB.

Unloading 8 unused Assets to reduce memory usage. Loaded Objects now: 2153.
Total: 3.641800 ms (FindLiveObjects: 0.394800 ms CreateObjectMapping: 0.113500 ms MarkObjects: 2.486800 ms  DeleteObjects: 0.644900 ms)

========================================================================
Received Import Request.
  Time since last request: 2712.822826 seconds.
  path: Assets/_Animators/CircularList.controller
  artifactKey: Guid(b3ac405f1e454be47bb88c1b0fbeba7e) Importer(815301076,1909f56bfc062723c751e8b465ee728b)
Start importing Assets/_Animators/CircularList.controller using Guid(b3ac405f1e454be47bb88c1b0fbeba7e) Importer(815301076,1909f56bfc062723c751e8b465ee728b)  -> (artifact id: '1185e026e26e7a968a031877b04aeb3c') in 0.050111 seconds
  Import took 0.055745 seconds .

========================================================================
Received Prepare
Registering precompiled user dll's ...
Registered in 0.001378 seconds.
Begin MonoManager ReloadAssembly
Native extension for WindowsStandalone target not found
Native extension for WebGL target not found
Refreshing native plugins compatible for Editor in 1.64 ms, found 0 plugins.
Preloading 0 native plugins for Editor in 0.00 ms.
Invoked RoslynAnalysisRunner static constructor.
RoslynAnalysisRunner will not be running.
RoslynAnalysisRunner has terminated.
Mono: successfully reloaded assembly
- Completed reload, in  2.447 seconds
Platform modules already initialized, skipping
Refreshing native plugins compatible for Editor in 0.68 ms, found 0 plugins.
Preloading 0 native plugins for Editor in 0.00 ms.
Unloading 1517 Unused Serialized files (Serialized files now loaded: 0)
System memory in use before: 91.3 MB.
System memory in use after: 91.1 MB.

Unloading 8 unused Assets to reduce memory usage. Loaded Objects now: 2155.
Total: 5.905200 ms (FindLiveObjects: 0.372700 ms CreateObjectMapping: 0.121600 ms MarkObjects: 4.482800 ms  DeleteObjects: 0.924900 ms)

========================================================================
Received Prepare
Registering precompiled user dll's ...
Registered in 0.001803 seconds.
Begin MonoManager ReloadAssembly
Native extension for WindowsStandalone target not found
Native extension for WebGL target not found
Refreshing native plugins compatible for Editor in 0.63 ms, found 0 plugins.
Preloading 0 native plugins for Editor in 0.00 ms.
Invoked RoslynAnalysisRunner static constructor.
RoslynAnalysisRunner will not be running.
RoslynAnalysisRunner has terminated.
Mono: successfully reloaded assembly
- Completed reload, in  1.440 seconds
Platform modules already initialized, skipping
Refreshing native plugins compatible for Editor in 0.96 ms, found 0 plugins.
Preloading 0 native plugins for Editor in 0.00 ms.
Unloading 1517 Unused Serialized files (Serialized files now loaded: 0)
System memory in use before: 91.4 MB.
System memory in use after: 91.2 MB.

Unloading 8 unused Assets to reduce memory usage. Loaded Objects now: 2157.
Total: 8.350600 ms (FindLiveObjects: 1.096500 ms CreateObjectMapping: 0.172800 ms MarkObjects: 6.355400 ms  DeleteObjects: 0.723200 ms)

========================================================================
Received Prepare
Registering precompiled user dll's ...
Registered in 0.002655 seconds.
Begin MonoManager ReloadAssembly
Native extension for WindowsStandalone target not found
Native extension for WebGL target not found
Refreshing native plugins compatible for Editor in 1.20 ms, found 0 plugins.
Preloading 0 native plugins for Editor in 0.00 ms.
Invoked RoslynAnalysisRunner static constructor.
RoslynAnalysisRunner will not be running.
RoslynAnalysisRunner has terminated.
Mono: successfully reloaded assembly
- Completed reload, in  1.776 seconds
Platform modules already initialized, skipping
Refreshing native plugins compatible for Editor in 0.38 ms, found 0 plugins.
Preloading 0 native plugins for Editor in 0.00 ms.
Unloading 1517 Unused Serialized files (Serialized files now loaded: 0)
System memory in use before: 91.3 MB.
System memory in use after: 91.1 MB.

Unloading 8 unused Assets to reduce memory usage. Loaded Objects now: 2159.
Total: 6.114800 ms (FindLiveObjects: 0.589500 ms CreateObjectMapping: 0.147000 ms MarkObjects: 4.622900 ms  DeleteObjects: 0.753600 ms)

========================================================================
Received Prepare
Registering precompiled user dll's ...
Registered in 0.002048 seconds.
Begin MonoManager ReloadAssembly
Native extension for WindowsStandalone target not found
Native extension for WebGL target not found
Refreshing native plugins compatible for Editor in 0.65 ms, found 0 plugins.
Preloading 0 native plugins for Editor in 0.00 ms.
Invoked RoslynAnalysisRunner static constructor.
RoslynAnalysisRunner will not be running.
RoslynAnalysisRunner has terminated.
Mono: successfully reloaded assembly
- Completed reload, in  2.381 seconds
Platform modules already initialized, skipping
Refreshing native plugins compatible for Editor in 0.65 ms, found 0 plugins.
Preloading 0 native plugins for Editor in 0.00 ms.
Unloading 1517 Unused Serialized files (Serialized files now loaded: 0)
System memory in use before: 91.4 MB.
System memory in use after: 91.1 MB.

Unloading 8 unused Assets to reduce memory usage. Loaded Objects now: 2161.
Total: 4.820500 ms (FindLiveObjects: 0.378900 ms CreateObjectMapping: 0.160000 ms MarkObjects: 3.697800 ms  DeleteObjects: 0.581400 ms)

========================================================================
Received Prepare
Registering precompiled user dll's ...
Registered in 0.003538 seconds.
Begin MonoManager ReloadAssembly
Native extension for WindowsStandalone target not found
Native extension for WebGL target not found
Refreshing native plugins compatible for Editor in 0.39 ms, found 0 plugins.
Preloading 0 native plugins for Editor in 0.00 ms.
Invoked RoslynAnalysisRunner static constructor.
RoslynAnalysisRunner will not be running.
RoslynAnalysisRunner has terminated.
Mono: successfully reloaded assembly
- Completed reload, in  2.087 seconds
Platform modules already initialized, skipping
Refreshing native plugins compatible for Editor in 0.64 ms, found 0 plugins.
Preloading 0 native plugins for Editor in 0.00 ms.
Unloading 1517 Unused Serialized files (Serialized files now loaded: 0)
System memory in use before: 91.4 MB.
System memory in use after: 91.1 MB.

Unloading 8 unused Assets to reduce memory usage. Loaded Objects now: 2163.
Total: 5.653100 ms (FindLiveObjects: 0.374500 ms CreateObjectMapping: 0.128900 ms MarkObjects: 4.099400 ms  DeleteObjects: 1.047700 ms)

========================================================================
Received Import Request.
  Time since last request: 701.465660 seconds.
  path: Assets/_Animators/mainTitleButtonAnimator.anim
  artifactKey: Guid(113ebff224a156a408dbda674012cee9) Importer(815301076,1909f56bfc062723c751e8b465ee728b)
Start importing Assets/_Animators/mainTitleButtonAnimator.anim using Guid(113ebff224a156a408dbda674012cee9) Importer(815301076,1909f56bfc062723c751e8b465ee728b)  -> (artifact id: '087dcaf0f18a7644426c81e29b5517bb') in 0.040783 seconds
  Import took 0.048769 seconds .

========================================================================
Received Import Request.
  Time since last request: 5.033371 seconds.
  path: Assets/_Animators/CenteredButtons.controller
  artifactKey: Guid(a79fbae7e9f46554b894eab04f8ecfb7) Importer(815301076,1909f56bfc062723c751e8b465ee728b)
Start importing Assets/_Animators/CenteredButtons.controller using Guid(a79fbae7e9f46554b894eab04f8ecfb7) Importer(815301076,1909f56bfc062723c751e8b465ee728b)  -> (artifact id: 'e73b0f6c9d0cb943ee90c970ca6465ae') in 0.026245 seconds
  Import took 0.030608 seconds .

========================================================================
Received Import Request.
  Time since last request: 49.573619 seconds.
  path: Assets/_Animators/CenteredButtons.controller
  artifactKey: Guid(a79fbae7e9f46554b894eab04f8ecfb7) Importer(815301076,1909f56bfc062723c751e8b465ee728b)
Start importing Assets/_Animators/CenteredButtons.controller using Guid(a79fbae7e9f46554b894eab04f8ecfb7) Importer(815301076,1909f56bfc062723c751e8b465ee728b)  -> (artifact id: 'a75f6f6e2437a52ccd6852df802d7228') in 0.020498 seconds
  Import took 0.027847 seconds .

========================================================================
Received Prepare
Registering precompiled user dll's ...
Registered in 0.002582 seconds.
Begin MonoManager ReloadAssembly
Native extension for WindowsStandalone target not found
Native extension for WebGL target not found
Refreshing native plugins compatible for Editor in 0.41 ms, found 0 plugins.
Preloading 0 native plugins for Editor in 0.00 ms.
Invoked RoslynAnalysisRunner static constructor.
RoslynAnalysisRunner will not be running.
RoslynAnalysisRunner has terminated.
Mono: successfully reloaded assembly
- Completed reload, in  1.864 seconds
Platform modules already initialized, skipping
Refreshing native plugins compatible for Editor in 1.21 ms, found 0 plugins.
Preloading 0 native plugins for Editor in 0.00 ms.
Unloading 1517 Unused Serialized files (Serialized files now loaded: 0)
System memory in use before: 91.4 MB.
System memory in use after: 91.1 MB.

Unloading 8 unused Assets to reduce memory usage. Loaded Objects now: 2165.
Total: 8.234200 ms (FindLiveObjects: 0.507700 ms CreateObjectMapping: 0.411300 ms MarkObjects: 5.824400 ms  DeleteObjects: 1.488400 ms)

========================================================================
Received Prepare
Registering precompiled user dll's ...
Registered in 0.001602 seconds.
Begin MonoManager ReloadAssembly
Native extension for WindowsStandalone target not found
Native extension for WebGL target not found
Refreshing native plugins compatible for Editor in 0.80 ms, found 0 plugins.
Preloading 0 native plugins for Editor in 0.00 ms.
Invoked RoslynAnalysisRunner static constructor.
RoslynAnalysisRunner will not be running.
RoslynAnalysisRunner has terminated.
Mono: successfully reloaded assembly
- Completed reload, in  2.496 seconds
Platform modules already initialized, skipping
Refreshing native plugins compatible for Editor in 0.67 ms, found 0 plugins.
Preloading 0 native plugins for Editor in 0.00 ms.
Unloading 1517 Unused Serialized files (Serialized files now loaded: 0)
System memory in use before: 91.4 MB.
System memory in use after: 91.1 MB.

Unloading 8 unused Assets to reduce memory usage. Loaded Objects now: 2167.
Total: 7.272800 ms (FindLiveObjects: 0.406300 ms CreateObjectMapping: 0.112000 ms MarkObjects: 5.430900 ms  DeleteObjects: 1.321200 ms)

========================================================================
Received Import Request.
  Time since last request: 251.717854 seconds.
  path: Assets/_Animators/mainTitleButtonAnimator.anim
  artifactKey: Guid(113ebff224a156a408dbda674012cee9) Importer(815301076,1909f56bfc062723c751e8b465ee728b)
Start importing Assets/_Animators/mainTitleButtonAnimator.anim using Guid(113ebff224a156a408dbda674012cee9) Importer(815301076,1909f56bfc062723c751e8b465ee728b)  -> (artifact id: 'eb0e5f93b96180fe96ecdf79c84cb516') in 0.125576 seconds
  Import took 0.132029 seconds .

========================================================================
Received Prepare
Registering precompiled user dll's ...
Registered in 0.002135 seconds.
Begin MonoManager ReloadAssembly
Native extension for WindowsStandalone target not found
Native extension for WebGL target not found
Refreshing native plugins compatible for Editor in 0.68 ms, found 0 plugins.
Preloading 0 native plugins for Editor in 0.00 ms.
Invoked RoslynAnalysisRunner static constructor.
RoslynAnalysisRunner will not be running.
RoslynAnalysisRunner has terminated.
Mono: successfully reloaded assembly
- Completed reload, in  1.523 seconds
Platform modules already initialized, skipping
Refreshing native plugins compatible for Editor in 0.50 ms, found 0 plugins.
Preloading 0 native plugins for Editor in 0.00 ms.
Unloading 1517 Unused Serialized files (Serialized files now loaded: 0)
System memory in use before: 91.4 MB.
System memory in use after: 91.2 MB.

Unloading 8 unused Assets to reduce memory usage. Loaded Objects now: 2169.
Total: 3.496000 ms (FindLiveObjects: 0.205200 ms CreateObjectMapping: 0.064800 ms MarkObjects: 2.372100 ms  DeleteObjects: 0.850000 ms)

========================================================================
Received Prepare
Registering precompiled user dll's ...
Registered in 0.002346 seconds.
Begin MonoManager ReloadAssembly
Native extension for WindowsStandalone target not found
Native extension for WebGL target not found
Refreshing native plugins compatible for Editor in 0.61 ms, found 0 plugins.
Preloading 0 native plugins for Editor in 0.00 ms.
Invoked RoslynAnalysisRunner static constructor.
RoslynAnalysisRunner will not be running.
RoslynAnalysisRunner has terminated.
Mono: successfully reloaded assembly
- Completed reload, in  1.924 seconds
Platform modules already initialized, skipping
Refreshing native plugins compatible for Editor in 0.84 ms, found 0 plugins.
Preloading 0 native plugins for Editor in 0.00 ms.
Unloading 1517 Unused Serialized files (Serialized files now loaded: 0)
System memory in use before: 91.4 MB.
System memory in use after: 91.2 MB.

Unloading 8 unused Assets to reduce memory usage. Loaded Objects now: 2171.
Total: 4.735300 ms (FindLiveObjects: 0.350700 ms CreateObjectMapping: 0.112700 ms MarkObjects: 3.688900 ms  DeleteObjects: 0.580500 ms)

========================================================================
Received Prepare
Registering precompiled user dll's ...
Registered in 0.001437 seconds.
Begin MonoManager ReloadAssembly
Native extension for WindowsStandalone target not found
Native extension for WebGL target not found
Refreshing native plugins compatible for Editor in 0.72 ms, found 0 plugins.
Preloading 0 native plugins for Editor in 0.00 ms.
Invoked RoslynAnalysisRunner static constructor.
RoslynAnalysisRunner will not be running.
RoslynAnalysisRunner has terminated.
Mono: successfully reloaded assembly
- Completed reload, in  1.528 seconds
Platform modules already initialized, skipping
Refreshing native plugins compatible for Editor in 0.82 ms, found 0 plugins.
Preloading 0 native plugins for Editor in 0.00 ms.
Unloading 1517 Unused Serialized files (Serialized files now loaded: 0)
System memory in use before: 91.4 MB.
System memory in use after: 91.2 MB.

Unloading 8 unused Assets to reduce memory usage. Loaded Objects now: 2173.
Total: 5.240000 ms (FindLiveObjects: 0.736700 ms CreateObjectMapping: 0.147900 ms MarkObjects: 3.296000 ms  DeleteObjects: 1.057200 ms)

========================================================================
Received Prepare
Registering precompiled user dll's ...
Registered in 0.004425 seconds.
Begin MonoManager ReloadAssembly
Native extension for WindowsStandalone target not found
Native extension for WebGL target not found
Refreshing native plugins compatible for Editor in 0.56 ms, found 0 plugins.
Preloading 0 native plugins for Editor in 0.00 ms.
Invoked RoslynAnalysisRunner static constructor.
RoslynAnalysisRunner will not be running.
RoslynAnalysisRunner has terminated.
Mono: successfully reloaded assembly
- Completed reload, in  1.836 seconds
Platform modules already initialized, skipping
Refreshing native plugins compatible for Editor in 0.49 ms, found 0 plugins.
Preloading 0 native plugins for Editor in 0.00 ms.
Unloading 1517 Unused Serialized files (Serialized files now loaded: 0)
System memory in use before: 91.4 MB.
System memory in use after: 91.2 MB.

Unloading 8 unused Assets to reduce memory usage. Loaded Objects now: 2175.
Total: 4.654600 ms (FindLiveObjects: 0.760300 ms CreateObjectMapping: 0.159600 ms MarkObjects: 3.132400 ms  DeleteObjects: 0.599000 ms)

========================================================================
Received Prepare
Registering precompiled user dll's ...
Registered in 0.001919 seconds.
Begin MonoManager ReloadAssembly
Native extension for WindowsStandalone target not found
Native extension for WebGL target not found
Refreshing native plugins compatible for Editor in 0.40 ms, found 0 plugins.
Preloading 0 native plugins for Editor in 0.00 ms.
Invoked RoslynAnalysisRunner static constructor.
RoslynAnalysisRunner will not be running.
RoslynAnalysisRunner has terminated.
Mono: successfully reloaded assembly
- Completed reload, in  1.482 seconds
Platform modules already initialized, skipping
Refreshing native plugins compatible for Editor in 0.35 ms, found 0 plugins.
Preloading 0 native plugins for Editor in 0.00 ms.
Unloading 1517 Unused Serialized files (Serialized files now loaded: 0)
System memory in use before: 91.4 MB.
System memory in use after: 91.2 MB.

Unloading 8 unused Assets to reduce memory usage. Loaded Objects now: 2177.
Total: 5.455600 ms (FindLiveObjects: 0.517000 ms CreateObjectMapping: 0.208500 ms MarkObjects: 4.008900 ms  DeleteObjects: 0.719400 ms)

========================================================================
Received Prepare
Registering precompiled user dll's ...
Registered in 0.002643 seconds.
Begin MonoManager ReloadAssembly
Native extension for WindowsStandalone target not found
Native extension for WebGL target not found
Refreshing native plugins compatible for Editor in 0.80 ms, found 0 plugins.
Preloading 0 native plugins for Editor in 0.00 ms.
Invoked RoslynAnalysisRunner static constructor.
RoslynAnalysisRunner will not be running.
RoslynAnalysisRunner has terminated.
Mono: successfully reloaded assembly
- Completed reload, in  2.026 seconds
Platform modules already initialized, skipping
Refreshing native plugins compatible for Editor in 0.75 ms, found 0 plugins.
Preloading 0 native plugins for Editor in 0.00 ms.
Unloading 1517 Unused Serialized files (Serialized files now loaded: 0)
System memory in use before: 91.4 MB.
System memory in use after: 91.2 MB.

Unloading 8 unused Assets to reduce memory usage. Loaded Objects now: 2179.
Total: 18.481800 ms (FindLiveObjects: 0.323300 ms CreateObjectMapping: 0.126400 ms MarkObjects: 15.669300 ms  DeleteObjects: 2.360900 ms)

========================================================================
Received Prepare
Registering precompiled user dll's ...
Registered in 0.003675 seconds.
Begin MonoManager ReloadAssembly
Native extension for WindowsStandalone target not found
Native extension for WebGL target not found
Refreshing native plugins compatible for Editor in 0.84 ms, found 0 plugins.
Preloading 0 native plugins for Editor in 0.00 ms.
Invoked RoslynAnalysisRunner static constructor.
RoslynAnalysisRunner will not be running.
RoslynAnalysisRunner has terminated.
Mono: successfully reloaded assembly
- Completed reload, in  2.900 seconds
Platform modules already initialized, skipping
Refreshing native plugins compatible for Editor in 0.86 ms, found 0 plugins.
Preloading 0 native plugins for Editor in 0.00 ms.
Unloading 1517 Unused Serialized files (Serialized files now loaded: 0)
System memory in use before: 91.4 MB.
System memory in use after: 91.2 MB.

Unloading 8 unused Assets to reduce memory usage. Loaded Objects now: 2181.
Total: 4.876300 ms (FindLiveObjects: 0.601000 ms CreateObjectMapping: 0.205700 ms MarkObjects: 3.443700 ms  DeleteObjects: 0.623900 ms)

========================================================================
Received Prepare
Registering precompiled user dll's ...
Registered in 0.004055 seconds.
Begin MonoManager ReloadAssembly
Native extension for WindowsStandalone target not found
Native extension for WebGL target not found
Refreshing native plugins compatible for Editor in 0.56 ms, found 0 plugins.
Preloading 0 native plugins for Editor in 0.00 ms.
Invoked RoslynAnalysisRunner static constructor.
RoslynAnalysisRunner will not be running.
RoslynAnalysisRunner has terminated.
Mono: successfully reloaded assembly
- Completed reload, in  2.361 seconds
Platform modules already initialized, skipping
Refreshing native plugins compatible for Editor in 0.56 ms, found 0 plugins.
Preloading 0 native plugins for Editor in 0.00 ms.
Unloading 1517 Unused Serialized files (Serialized files now loaded: 0)
System memory in use before: 91.4 MB.
System memory in use after: 91.2 MB.

Unloading 8 unused Assets to reduce memory usage. Loaded Objects now: 2183.
Total: 10.689000 ms (FindLiveObjects: 0.439200 ms CreateObjectMapping: 0.140300 ms MarkObjects: 9.115000 ms  DeleteObjects: 0.991700 ms)

AssetImportWorkerClient::OnTransportError - code=2 error=End of file
