Using pre-set license
Built from '2020.2/staging' branch; Version is '2020.2.6f1 (8a2143876886) revision 9052483'; Using compiler version '192528614'; Build Type 'Release'
OS: 'Windows 10 Pro; OS build 19042.928; Version 2009; 64bit' Language: 'en' Physical Memory: 16270 MB
BatchMode: 1, IsHumanControllingUs: 0, StartBugReporterOnCrash: 0, Is64bit: 1, IsPro: 0

 COMMAND LINE ARGUMENTS:
C:\Program Files\Unity\Hub\Editor\2020.2.6f1\Editor\Unity.exe
-adb2
-batchMode
-noUpm
-name
AssetImportWorker0
-projectPath
S:/AIE VET Course/Projects/Unity/Intermediate Project/Intermediate Project
-logFile
Logs/AssetImportWorker0.log
-srvPort
3663
Successfully changed project path to: S:/AIE VET Course/Projects/Unity/Intermediate Project/Intermediate Project
S:/AIE VET Course/Projects/Unity/Intermediate Project/Intermediate Project
Using Asset Import Pipeline V2.
Refreshing native plugins compatible for Editor in 59.39 ms, found 0 plugins.
Preloading 0 native plugins for Editor in 0.00 ms.
Initialize engine version: 2020.2.6f1 (8a2143876886)
[Subsystems] Discovering subsystems at path C:/Program Files/Unity/Hub/Editor/2020.2.6f1/Editor/Data/Resources/UnitySubsystems
[Subsystems] Discovering subsystems at path S:/AIE VET Course/Projects/Unity/Intermediate Project/Intermediate Project/Assets
GfxDevice: creating device client; threaded=0
Direct3D:
    Version:  Direct3D 11.0 [level 11.1]
    Renderer: Intel(R) HD Graphics 620 (ID=0x5916)
    Vendor:   
    VRAM:     8135 MB
    Driver:   27.20.100.9316
Initialize mono
Mono path[0] = 'C:/Program Files/Unity/Hub/Editor/2020.2.6f1/Editor/Data/Managed'
Mono path[1] = 'C:/Program Files/Unity/Hub/Editor/2020.2.6f1/Editor/Data/MonoBleedingEdge/lib/mono/unityjit'
Mono config path = 'C:/Program Files/Unity/Hub/Editor/2020.2.6f1/Editor/Data/MonoBleedingEdge/etc'
Using monoOptions --debugger-agent=transport=dt_socket,embedding=1,server=y,suspend=n,address=127.0.0.1:56560
Begin MonoManager ReloadAssembly
Registering precompiled unity dll's ...
Register platform support module: C:/Program Files/Unity/Hub/Editor/2020.2.6f1/Editor/Data/PlaybackEngines/WebGLSupport/UnityEditor.WebGL.Extensions.dll
Register platform support module: C:/Program Files/Unity/Hub/Editor/2020.2.6f1/Editor/Data/PlaybackEngines/WindowsStandaloneSupport/UnityEditor.WindowsStandalone.Extensions.dll
Registered in 0.004416 seconds.
Native extension for WindowsStandalone target not found
Native extension for WebGL target not found
Refreshing native plugins compatible for Editor in 191.99 ms, found 0 plugins.
Preloading 0 native plugins for Editor in 0.00 ms.
Invoked RoslynAnalysisRunner static constructor.
RoslynAnalysisRunner will not be running.
RoslynAnalysisRunner has terminated.
Mono: successfully reloaded assembly
- Completed reload, in  2.246 seconds
Platform modules already initialized, skipping
Registering precompiled user dll's ...
Registered in 0.002683 seconds.
Begin MonoManager ReloadAssembly
Native extension for WindowsStandalone target not found
Native extension for WebGL target not found
Refreshing native plugins compatible for Editor in 75.91 ms, found 0 plugins.
Preloading 0 native plugins for Editor in 0.00 ms.
Invoked RoslynAnalysisRunner static constructor.
RoslynAnalysisRunner will not be running.
RoslynAnalysisRunner has terminated.
Mono: successfully reloaded assembly
- Completed reload, in  1.714 seconds
Platform modules already initialized, skipping
========================================================================
Worker process is ready to serve import requests
Launched and connected shader compiler UnityShaderCompiler.exe after 0.12 seconds
Refreshing native plugins compatible for Editor in 0.50 ms, found 0 plugins.
Preloading 0 native plugins for Editor in 0.00 ms.
Unloading 2382 Unused Serialized files (Serialized files now loaded: 0)
System memory in use before: 115.3 MB.
System memory in use after: 115.1 MB.

Unloading 14 unused Assets to reduce memory usage. Loaded Objects now: 2838.
Total: 3.780200 ms (FindLiveObjects: 0.461600 ms CreateObjectMapping: 0.324400 ms MarkObjects: 2.517100 ms  DeleteObjects: 0.475600 ms)

========================================================================
Received Import Request.
  path: Assets/_Shaders
  artifactKey: Guid(c9d86221817af6548a102eb3cb1b5a44) Importer(815301076,1909f56bfc062723c751e8b465ee728b)
Start importing Assets/_Shaders using Guid(c9d86221817af6548a102eb3cb1b5a44) Importer(815301076,1909f56bfc062723c751e8b465ee728b)  -> (artifact id: '98867c0309afdacfc1a994fa1e666fe7') in 0.008319 seconds
  Import took 0.012852 seconds .

========================================================================
Received Import Request.
  Time since last request: 6.307371 seconds.
  path: Assets/_Shaders/test.shader
  artifactKey: Guid(9fe02652c6a50f34d99564025f609f0e) Importer(815301076,1909f56bfc062723c751e8b465ee728b)
Start importing Assets/_Shaders/test.shader using Guid(9fe02652c6a50f34d99564025f609f0e) Importer(815301076,1909f56bfc062723c751e8b465ee728b)  -> (artifact id: '3480db62c5b17f7a6c71bf5c03b6a340') in 0.056593 seconds
  Import took 0.083451 seconds .

========================================================================
Received Import Request.
  Time since last request: 0.001639 seconds.
  path: Assets/_Shaders/test.shader
  artifactKey: Guid(9fe02652c6a50f34d99564025f609f0e) Importer(815301076,1909f56bfc062723c751e8b465ee728b)
Start importing Assets/_Shaders/test.shader using Guid(9fe02652c6a50f34d99564025f609f0e) Importer(815301076,1909f56bfc062723c751e8b465ee728b)  -> (artifact id: '3480db62c5b17f7a6c71bf5c03b6a340') in 0.028512 seconds
  Import took 0.036739 seconds .

========================================================================
Received Import Request.
  Time since last request: 62.633186 seconds.
  path: Assets/AudioImporter
  artifactKey: Guid(f219a082f1bf33e4a90301ae91e5b47e) Importer(815301076,1909f56bfc062723c751e8b465ee728b)
Start importing Assets/AudioImporter using Guid(f219a082f1bf33e4a90301ae91e5b47e) Importer(815301076,1909f56bfc062723c751e8b465ee728b)  -> (artifact id: 'c97ccbf264ed5d6b1cdce5c240abf65a') in 0.013208 seconds
  Import took 0.020934 seconds .

========================================================================
Received Import Request.
  Time since last request: 9.088671 seconds.
  path: Assets/TextMesh Pro
  artifactKey: Guid(f54d1bd14bd3ca042bd867b519fee8cc) Importer(815301076,1909f56bfc062723c751e8b465ee728b)
Start importing Assets/TextMesh Pro using Guid(f54d1bd14bd3ca042bd867b519fee8cc) Importer(815301076,1909f56bfc062723c751e8b465ee728b)  -> (artifact id: '75675d294a40c6da1749df6770443982') in 0.005791 seconds
  Import took 0.038916 seconds .

========================================================================
Received Prepare
Registering precompiled user dll's ...
Registered in 0.003517 seconds.
Begin MonoManager ReloadAssembly
Native extension for WindowsStandalone target not found
Native extension for WebGL target not found
Refreshing native plugins compatible for Editor in 0.57 ms, found 0 plugins.
Preloading 0 native plugins for Editor in 0.00 ms.
Invoked RoslynAnalysisRunner static constructor.
RoslynAnalysisRunner will not be running.
RoslynAnalysisRunner has terminated.
Mono: successfully reloaded assembly
- Completed reload, in  2.783 seconds
Platform modules already initialized, skipping
Refreshing native plugins compatible for Editor in 0.57 ms, found 0 plugins.
Preloading 0 native plugins for Editor in 0.00 ms.
Unloading 2309 Unused Serialized files (Serialized files now loaded: 0)
System memory in use before: 110.0 MB.
System memory in use after: 109.9 MB.

Unloading 9 unused Assets to reduce memory usage. Loaded Objects now: 2840.
Total: 7.692600 ms (FindLiveObjects: 1.410300 ms CreateObjectMapping: 0.347100 ms MarkObjects: 4.506100 ms  DeleteObjects: 1.427200 ms)

========================================================================
Received Import Request.
  Time since last request: 32.146070 seconds.
  path: Assets/Font/Hana SDF.asset
  artifactKey: Guid(d2fff8018745afa4dba044c42350028f) Importer(815301076,1909f56bfc062723c751e8b465ee728b)
Start importing Assets/Font/Hana SDF.asset using Guid(d2fff8018745afa4dba044c42350028f) Importer(815301076,1909f56bfc062723c751e8b465ee728b)  -> (artifact id: '13ad38dd306bb37d1e451b2df270f5ed') in 0.191432 seconds
  Import took 0.199166 seconds .

========================================================================
Received Import Request.
  Time since last request: 5.448351 seconds.
  path: Assets/TextMesh Pro/Fonts
  artifactKey: Guid(6ab70aee4d56447429c680537fbf93ed) Importer(815301076,1909f56bfc062723c751e8b465ee728b)
Start importing Assets/TextMesh Pro/Fonts using Guid(6ab70aee4d56447429c680537fbf93ed) Importer(815301076,1909f56bfc062723c751e8b465ee728b)  -> (artifact id: '5ea76a85c99a49e924db29b3b27e4c8e') in 0.013700 seconds
  Import took 0.019802 seconds .

========================================================================
Received Import Request.
  Time since last request: 545.526004 seconds.
  path: Assets/_Environment
  artifactKey: Guid(940cfc2a02ab78143a774052af2651c7) Importer(815301076,1909f56bfc062723c751e8b465ee728b)
Start importing Assets/_Environment using Guid(940cfc2a02ab78143a774052af2651c7) Importer(815301076,1909f56bfc062723c751e8b465ee728b)  -> (artifact id: '49c0fcd7fbd14f6eb4d0651ee155abe0') in 0.024577 seconds
  Import took 0.034836 seconds .

========================================================================
Received Import Request.
  Time since last request: 18.850273 seconds.
  path: Assets/_Environment/default.asset
  artifactKey: Guid(fb7b119a6b1f8d2408f4c80a17701ddd) Importer(815301076,1909f56bfc062723c751e8b465ee728b)
Start importing Assets/_Environment/default.asset using Guid(fb7b119a6b1f8d2408f4c80a17701ddd) Importer(815301076,1909f56bfc062723c751e8b465ee728b)  -> (artifact id: 'bfd7d9fca653f8c92a64e5996955b723') in 0.016685 seconds
  Import took 0.038299 seconds .

========================================================================
Received Import Request.
  Time since last request: 61.845388 seconds.
  path: Assets/_Environment/default.asset
  artifactKey: Guid(fb7b119a6b1f8d2408f4c80a17701ddd) Importer(815301076,1909f56bfc062723c751e8b465ee728b)
Start importing Assets/_Environment/default.asset using Guid(fb7b119a6b1f8d2408f4c80a17701ddd) Importer(815301076,1909f56bfc062723c751e8b465ee728b)  -> (artifact id: '7fd6bf871b24b5756c215cc01f82f2cd') in 0.032414 seconds
  Import took 0.096276 seconds .

========================================================================
Received Import Request.
  Time since last request: 11.140795 seconds.
  path: Assets/_Environment/default.asset
  artifactKey: Guid(fb7b119a6b1f8d2408f4c80a17701ddd) Importer(815301076,1909f56bfc062723c751e8b465ee728b)
Start importing Assets/_Environment/default.asset using Guid(fb7b119a6b1f8d2408f4c80a17701ddd) Importer(815301076,1909f56bfc062723c751e8b465ee728b)  -> (artifact id: 'be1738a8ece79d1b772f784128ac25df') in 0.009947 seconds
  Import took 0.017554 seconds .

========================================================================
Received Import Request.
  Time since last request: 0.020171 seconds.
  path: Assets/_Environment/default.asset
  artifactKey: Guid(fb7b119a6b1f8d2408f4c80a17701ddd) Importer(815301076,1909f56bfc062723c751e8b465ee728b)
Start importing Assets/_Environment/default.asset using Guid(fb7b119a6b1f8d2408f4c80a17701ddd) Importer(815301076,1909f56bfc062723c751e8b465ee728b)  -> (artifact id: 'be1738a8ece79d1b772f784128ac25df') in 0.033259 seconds
  Import took 0.045043 seconds .

========================================================================
Received Prepare
Registering precompiled user dll's ...
Registered in 0.003168 seconds.
Begin MonoManager ReloadAssembly
Native extension for WindowsStandalone target not found
Native extension for WebGL target not found
Refreshing native plugins compatible for Editor in 0.68 ms, found 0 plugins.
Preloading 0 native plugins for Editor in 0.00 ms.
Invoked RoslynAnalysisRunner static constructor.
RoslynAnalysisRunner will not be running.
RoslynAnalysisRunner has terminated.
Mono: successfully reloaded assembly
- Completed reload, in  1.403 seconds
Platform modules already initialized, skipping
Refreshing native plugins compatible for Editor in 0.52 ms, found 0 plugins.
Preloading 0 native plugins for Editor in 0.00 ms.
Unloading 2309 Unused Serialized files (Serialized files now loaded: 0)
System memory in use before: 113.3 MB.
System memory in use after: 113.2 MB.

Unloading 9 unused Assets to reduce memory usage. Loaded Objects now: 2884.
Total: 3.838900 ms (FindLiveObjects: 0.503600 ms CreateObjectMapping: 0.265500 ms MarkObjects: 2.658600 ms  DeleteObjects: 0.408300 ms)

========================================================================
Received Import Request.
  Time since last request: 102.647704 seconds.
  path: Assets/_Environment/default.asset
  artifactKey: Guid(fb7b119a6b1f8d2408f4c80a17701ddd) Importer(815301076,1909f56bfc062723c751e8b465ee728b)
Start importing Assets/_Environment/default.asset using Guid(fb7b119a6b1f8d2408f4c80a17701ddd) Importer(815301076,1909f56bfc062723c751e8b465ee728b)  -> (artifact id: '00db55a20289812e5dfd6715320b0d5d') in 0.108127 seconds
  Import took 0.117947 seconds .

========================================================================
Received Import Request.
  Time since last request: 7.732734 seconds.
  path: Assets/_Environment/default.asset
  artifactKey: Guid(fb7b119a6b1f8d2408f4c80a17701ddd) Importer(815301076,1909f56bfc062723c751e8b465ee728b)
Start importing Assets/_Environment/default.asset using Guid(fb7b119a6b1f8d2408f4c80a17701ddd) Importer(815301076,1909f56bfc062723c751e8b465ee728b)  -> (artifact id: '7013d828ad905fcffbf024b7191fae93') in 0.038736 seconds
  Import took 0.069208 seconds .

========================================================================
Received Import Request.
  Time since last request: 50.250794 seconds.
  path: Assets/_Environment/default.asset
  artifactKey: Guid(fb7b119a6b1f8d2408f4c80a17701ddd) Importer(815301076,1909f56bfc062723c751e8b465ee728b)
Start importing Assets/_Environment/default.asset using Guid(fb7b119a6b1f8d2408f4c80a17701ddd) Importer(815301076,1909f56bfc062723c751e8b465ee728b)  -> (artifact id: 'd8701e75e1f3de32211a22a8d2e0aa78') in 0.018856 seconds
  Import took 0.046865 seconds .

========================================================================
Received Import Request.
  Time since last request: 173.516687 seconds.
  path: ProjectSettings/TagManager.asset
  artifactKey: Guid(00000000000000003000000000000000) Importer(815301076,1909f56bfc062723c751e8b465ee728b)
Start importing ProjectSettings/TagManager.asset using Guid(00000000000000003000000000000000) Importer(815301076,1909f56bfc062723c751e8b465ee728b)  -> (artifact id: 'ca64133f23a4509140cf391767b0f772') in 0.032154 seconds
  Import took 0.068934 seconds .

========================================================================
Received Prepare
Registering precompiled user dll's ...
Registered in 0.004052 seconds.
Begin MonoManager ReloadAssembly
Native extension for WindowsStandalone target not found
Native extension for WebGL target not found
Refreshing native plugins compatible for Editor in 1.08 ms, found 0 plugins.
Preloading 0 native plugins for Editor in 0.00 ms.
Invoked RoslynAnalysisRunner static constructor.
RoslynAnalysisRunner will not be running.
RoslynAnalysisRunner has terminated.
Mono: successfully reloaded assembly
- Completed reload, in  1.500 seconds
Platform modules already initialized, skipping
Refreshing native plugins compatible for Editor in 0.73 ms, found 0 plugins.
Preloading 0 native plugins for Editor in 0.00 ms.
Unloading 2309 Unused Serialized files (Serialized files now loaded: 0)
System memory in use before: 113.3 MB.
System memory in use after: 113.2 MB.

Unloading 10 unused Assets to reduce memory usage. Loaded Objects now: 2886.
Total: 4.057100 ms (FindLiveObjects: 0.364100 ms CreateObjectMapping: 0.164600 ms MarkObjects: 2.993100 ms  DeleteObjects: 0.533300 ms)

========================================================================
Received Import Request.
  Time since last request: 113.318134 seconds.
  path: Assets/_Environment/default.asset
  artifactKey: Guid(fb7b119a6b1f8d2408f4c80a17701ddd) Importer(815301076,1909f56bfc062723c751e8b465ee728b)
Start importing Assets/_Environment/default.asset using Guid(fb7b119a6b1f8d2408f4c80a17701ddd) Importer(815301076,1909f56bfc062723c751e8b465ee728b)  -> (artifact id: '1205fe2fc1ce883c75623ca506ed9750') in 0.090493 seconds
  Import took 0.102876 seconds .

========================================================================
Received Import Request.
  Time since last request: 15.679543 seconds.
  path: Assets/_Environment/default.asset
  artifactKey: Guid(fb7b119a6b1f8d2408f4c80a17701ddd) Importer(815301076,1909f56bfc062723c751e8b465ee728b)
Start importing Assets/_Environment/default.asset using Guid(fb7b119a6b1f8d2408f4c80a17701ddd) Importer(815301076,1909f56bfc062723c751e8b465ee728b)  -> (artifact id: '1b69a24b34d668035d082b30eff9c8a8') in 0.020450 seconds
  Import took 0.038478 seconds .

========================================================================
Received Import Request.
  Time since last request: 4.508177 seconds.
  path: Assets/_Environment/default.asset
  artifactKey: Guid(fb7b119a6b1f8d2408f4c80a17701ddd) Importer(815301076,1909f56bfc062723c751e8b465ee728b)
Start importing Assets/_Environment/default.asset using Guid(fb7b119a6b1f8d2408f4c80a17701ddd) Importer(815301076,1909f56bfc062723c751e8b465ee728b)  -> (artifact id: '6d6a35ac43aaab2678e69dce6932ab15') in 0.039916 seconds
  Import took 0.063223 seconds .

========================================================================
Received Import Request.
  Time since last request: 22.864428 seconds.
  path: Assets/_Environment/default.asset
  artifactKey: Guid(fb7b119a6b1f8d2408f4c80a17701ddd) Importer(815301076,1909f56bfc062723c751e8b465ee728b)
Start importing Assets/_Environment/default.asset using Guid(fb7b119a6b1f8d2408f4c80a17701ddd) Importer(815301076,1909f56bfc062723c751e8b465ee728b)  -> (artifact id: '561245ad078e219cb5fb944d1bb95721') in 0.024518 seconds
  Import took 0.038317 seconds .

========================================================================
Received Prepare
Registering precompiled user dll's ...
Registered in 0.002693 seconds.
Begin MonoManager ReloadAssembly
Native extension for WindowsStandalone target not found
Native extension for WebGL target not found
Refreshing native plugins compatible for Editor in 0.47 ms, found 0 plugins.
Preloading 0 native plugins for Editor in 0.00 ms.
Invoked RoslynAnalysisRunner static constructor.
RoslynAnalysisRunner will not be running.
RoslynAnalysisRunner has terminated.
Mono: successfully reloaded assembly
- Completed reload, in  1.344 seconds
Platform modules already initialized, skipping
Refreshing native plugins compatible for Editor in 0.93 ms, found 0 plugins.
Preloading 0 native plugins for Editor in 0.00 ms.
Unloading 2309 Unused Serialized files (Serialized files now loaded: 0)
System memory in use before: 113.3 MB.
System memory in use after: 113.2 MB.

Unloading 9 unused Assets to reduce memory usage. Loaded Objects now: 2888.
Total: 3.866700 ms (FindLiveObjects: 0.384700 ms CreateObjectMapping: 0.130800 ms MarkObjects: 2.823200 ms  DeleteObjects: 0.526000 ms)

========================================================================
Received Import Request.
  Time since last request: 42.802631 seconds.
  path: Assets/_Environment/default.asset
  artifactKey: Guid(fb7b119a6b1f8d2408f4c80a17701ddd) Importer(815301076,1909f56bfc062723c751e8b465ee728b)
Start importing Assets/_Environment/default.asset using Guid(fb7b119a6b1f8d2408f4c80a17701ddd) Importer(815301076,1909f56bfc062723c751e8b465ee728b)  -> (artifact id: 'ba5bcb0f4b6d486796261baee405ad5f') in 0.030923 seconds
  Import took 0.036320 seconds .

========================================================================
Received Import Request.
  Time since last request: 4.463690 seconds.
  path: Assets/_Environment/default.asset
  artifactKey: Guid(fb7b119a6b1f8d2408f4c80a17701ddd) Importer(815301076,1909f56bfc062723c751e8b465ee728b)
Start importing Assets/_Environment/default.asset using Guid(fb7b119a6b1f8d2408f4c80a17701ddd) Importer(815301076,1909f56bfc062723c751e8b465ee728b)  -> (artifact id: '6c952946f31f2933d1c54b1ca5286a9a') in 0.016039 seconds
  Import took 0.039110 seconds .

========================================================================
Received Import Request.
  Time since last request: 10.078234 seconds.
  path: Assets/_Environment/default.asset
  artifactKey: Guid(fb7b119a6b1f8d2408f4c80a17701ddd) Importer(815301076,1909f56bfc062723c751e8b465ee728b)
Start importing Assets/_Environment/default.asset using Guid(fb7b119a6b1f8d2408f4c80a17701ddd) Importer(815301076,1909f56bfc062723c751e8b465ee728b)  -> (artifact id: '45e9619e03953deff9db8ec1c4d3a859') in 0.016729 seconds
  Import took 0.033689 seconds .

========================================================================
Received Prepare
Registering precompiled user dll's ...
Registered in 0.003830 seconds.
Begin MonoManager ReloadAssembly
Native extension for WindowsStandalone target not found
Native extension for WebGL target not found
Refreshing native plugins compatible for Editor in 0.50 ms, found 0 plugins.
Preloading 0 native plugins for Editor in 0.00 ms.
Invoked RoslynAnalysisRunner static constructor.
RoslynAnalysisRunner will not be running.
RoslynAnalysisRunner has terminated.
Mono: successfully reloaded assembly
- Completed reload, in  1.640 seconds
Platform modules already initialized, skipping
Refreshing native plugins compatible for Editor in 0.87 ms, found 0 plugins.
Preloading 0 native plugins for Editor in 0.00 ms.
Unloading 2309 Unused Serialized files (Serialized files now loaded: 0)
System memory in use before: 113.2 MB.
System memory in use after: 113.1 MB.

Unloading 9 unused Assets to reduce memory usage. Loaded Objects now: 2890.
Total: 6.149100 ms (FindLiveObjects: 0.770500 ms CreateObjectMapping: 0.289100 ms MarkObjects: 4.218400 ms  DeleteObjects: 0.868600 ms)

========================================================================
Received Prepare
Registering precompiled user dll's ...
Registered in 0.007061 seconds.
Begin MonoManager ReloadAssembly
Native extension for WindowsStandalone target not found
Native extension for WebGL target not found
Refreshing native plugins compatible for Editor in 0.99 ms, found 0 plugins.
Preloading 0 native plugins for Editor in 0.00 ms.
Invoked RoslynAnalysisRunner static constructor.
RoslynAnalysisRunner will not be running.
RoslynAnalysisRunner has terminated.
Mono: successfully reloaded assembly
- Completed reload, in  6.148 seconds
Platform modules already initialized, skipping
Refreshing native plugins compatible for Editor in 0.88 ms, found 0 plugins.
Preloading 0 native plugins for Editor in 0.00 ms.
Unloading 2326 Unused Serialized files (Serialized files now loaded: 0)
System memory in use before: 114.4 MB.
System memory in use after: 114.1 MB.

Unloading 17 unused Assets to reduce memory usage. Loaded Objects now: 2901.
Total: 6.192000 ms (FindLiveObjects: 0.665100 ms CreateObjectMapping: 0.510600 ms MarkObjects: 4.035300 ms  DeleteObjects: 0.978800 ms)

========================================================================
Received Import Request.
  Time since last request: 264.526611 seconds.
  path: Assets/Realistic Glitches Lite
  artifactKey: Guid(205695f26a5909944a8edf154ad62992) Importer(815301076,1909f56bfc062723c751e8b465ee728b)
Start importing Assets/Realistic Glitches Lite using Guid(205695f26a5909944a8edf154ad62992) Importer(815301076,1909f56bfc062723c751e8b465ee728b)  -> (artifact id: 'f22d38302d121ae14e0ebec12710e449') in 0.026329 seconds
  Import took 0.035938 seconds .

========================================================================
Received Import Request.
  Time since last request: 1.168897 seconds.
  path: Assets/Realistic Glitches Lite/Assets
  artifactKey: Guid(ded5841704bfe4423ae0399ebe56d79b) Importer(815301076,1909f56bfc062723c751e8b465ee728b)
Start importing Assets/Realistic Glitches Lite/Assets using Guid(ded5841704bfe4423ae0399ebe56d79b) Importer(815301076,1909f56bfc062723c751e8b465ee728b)  -> (artifact id: '832405b8de0b59500b0e76b3478504a1') in 0.008674 seconds
  Import took 0.026421 seconds .

========================================================================
Received Import Request.
  Time since last request: 2.031419 seconds.
  path: Assets/Realistic Glitches Lite/Assets/Shaders
  artifactKey: Guid(2d352012ab897464a9712f4bc6347dcf) Importer(815301076,1909f56bfc062723c751e8b465ee728b)
Start importing Assets/Realistic Glitches Lite/Assets/Shaders using Guid(2d352012ab897464a9712f4bc6347dcf) Importer(815301076,1909f56bfc062723c751e8b465ee728b)  -> (artifact id: '8ded48a3d8c58239a333aaa83b965dfe') in 0.013268 seconds
  Import took 0.024259 seconds .

========================================================================
Received Import Request.
  Time since last request: 2.193293 seconds.
  path: Assets/Realistic Glitches Lite/Assets/Textures
  artifactKey: Guid(de1e818454fa845c4b5dde5fec97618b) Importer(815301076,1909f56bfc062723c751e8b465ee728b)
Start importing Assets/Realistic Glitches Lite/Assets/Textures using Guid(de1e818454fa845c4b5dde5fec97618b) Importer(815301076,1909f56bfc062723c751e8b465ee728b)  -> (artifact id: 'fedb689a0f2cb58626058473ad75576e') in 0.014225 seconds
  Import took 0.024246 seconds .

========================================================================
Received Import Request.
  Time since last request: 2.093528 seconds.
  path: Assets/Realistic Glitches Lite/Assets/Prefabs
  artifactKey: Guid(6e598d339adfd4587bee3d10638e5109) Importer(815301076,1909f56bfc062723c751e8b465ee728b)
Start importing Assets/Realistic Glitches Lite/Assets/Prefabs using Guid(6e598d339adfd4587bee3d10638e5109) Importer(815301076,1909f56bfc062723c751e8b465ee728b)  -> (artifact id: '51fc80027902db57f1ef01e785a37160') in 0.014062 seconds
  Import took 0.031605 seconds .

========================================================================
Received Import Request.
  Time since last request: 0.724625 seconds.
  path: Assets/Realistic Glitches Lite/Assets/Prefabs/Glitch Camera.prefab
  artifactKey: Guid(51064daf5944048349bdb57b962b25b4) Importer(815301076,1909f56bfc062723c751e8b465ee728b)
Start importing Assets/Realistic Glitches Lite/Assets/Prefabs/Glitch Camera.prefab using Guid(51064daf5944048349bdb57b962b25b4) Importer(815301076,1909f56bfc062723c751e8b465ee728b)  -> (artifact id: '6cca9dc2ddb5896f18c576e842208566') in 0.119793 seconds
  Import took 0.128587 seconds .

========================================================================
Received Prepare
Registering precompiled user dll's ...
Registered in 0.026132 seconds.
Begin MonoManager ReloadAssembly
Native extension for WindowsStandalone target not found
Native extension for WebGL target not found
Refreshing native plugins compatible for Editor in 1.02 ms, found 0 plugins.
Preloading 0 native plugins for Editor in 0.00 ms.
Invoked RoslynAnalysisRunner static constructor.
RoslynAnalysisRunner will not be running.
RoslynAnalysisRunner has terminated.
Mono: successfully reloaded assembly
- Completed reload, in  2.902 seconds
Platform modules already initialized, skipping
Refreshing native plugins compatible for Editor in 0.58 ms, found 0 plugins.
Preloading 0 native plugins for Editor in 0.00 ms.
Unloading 2309 Unused Serialized files (Serialized files now loaded: 0)
System memory in use before: 113.4 MB.
System memory in use after: 113.3 MB.

Unloading 18 unused Assets to reduce memory usage. Loaded Objects now: 2894.
Total: 5.943700 ms (FindLiveObjects: 0.367400 ms CreateObjectMapping: 0.150500 ms MarkObjects: 4.781900 ms  DeleteObjects: 0.641400 ms)

========================================================================
Received Prepare
Registering precompiled user dll's ...
Registered in 0.002330 seconds.
Begin MonoManager ReloadAssembly
Native extension for WindowsStandalone target not found
Native extension for WebGL target not found
Refreshing native plugins compatible for Editor in 3.32 ms, found 0 plugins.
Preloading 0 native plugins for Editor in 0.00 ms.
Invoked RoslynAnalysisRunner static constructor.
RoslynAnalysisRunner will not be running.
RoslynAnalysisRunner has terminated.
Mono: successfully reloaded assembly
- Completed reload, in  2.077 seconds
Platform modules already initialized, skipping
Refreshing native plugins compatible for Editor in 0.56 ms, found 0 plugins.
Preloading 0 native plugins for Editor in 0.00 ms.
Unloading 2309 Unused Serialized files (Serialized files now loaded: 0)
System memory in use before: 113.4 MB.
System memory in use after: 113.3 MB.

Unloading 9 unused Assets to reduce memory usage. Loaded Objects now: 2896.
Total: 4.001400 ms (FindLiveObjects: 1.102300 ms CreateObjectMapping: 0.254900 ms MarkObjects: 2.215500 ms  DeleteObjects: 0.426400 ms)

========================================================================
Received Prepare
Registering precompiled user dll's ...
Registered in 0.004250 seconds.
Begin MonoManager ReloadAssembly
Native extension for WindowsStandalone target not found
Native extension for WebGL target not found
Refreshing native plugins compatible for Editor in 0.68 ms, found 0 plugins.
Preloading 0 native plugins for Editor in 0.00 ms.
Invoked RoslynAnalysisRunner static constructor.
RoslynAnalysisRunner will not be running.
RoslynAnalysisRunner has terminated.
Mono: successfully reloaded assembly
- Completed reload, in  1.789 seconds
Platform modules already initialized, skipping
Refreshing native plugins compatible for Editor in 0.45 ms, found 0 plugins.
Preloading 0 native plugins for Editor in 0.00 ms.
Unloading 2309 Unused Serialized files (Serialized files now loaded: 0)
System memory in use before: 113.4 MB.
System memory in use after: 113.3 MB.

Unloading 9 unused Assets to reduce memory usage. Loaded Objects now: 2898.
Total: 4.037600 ms (FindLiveObjects: 0.293100 ms CreateObjectMapping: 0.135100 ms MarkObjects: 3.193400 ms  DeleteObjects: 0.414000 ms)

========================================================================
Received Prepare
Registering precompiled user dll's ...
Registered in 0.002544 seconds.
Begin MonoManager ReloadAssembly
Native extension for WindowsStandalone target not found
Native extension for WebGL target not found
Refreshing native plugins compatible for Editor in 0.47 ms, found 0 plugins.
Preloading 0 native plugins for Editor in 0.00 ms.
Invoked RoslynAnalysisRunner static constructor.
RoslynAnalysisRunner will not be running.
RoslynAnalysisRunner has terminated.
Mono: successfully reloaded assembly
- Completed reload, in  1.310 seconds
Platform modules already initialized, skipping
Refreshing native plugins compatible for Editor in 0.49 ms, found 0 plugins.
Preloading 0 native plugins for Editor in 0.00 ms.
Unloading 2309 Unused Serialized files (Serialized files now loaded: 0)
System memory in use before: 113.3 MB.
System memory in use after: 113.2 MB.

Unloading 9 unused Assets to reduce memory usage. Loaded Objects now: 2900.
Total: 3.493600 ms (FindLiveObjects: 0.512800 ms CreateObjectMapping: 0.182000 ms MarkObjects: 2.277800 ms  DeleteObjects: 0.517300 ms)

========================================================================
Received Import Request.
  Time since last request: 1271.235975 seconds.
  path: Assets/_Animators/TitleCard.controller
  artifactKey: Guid(0aab0c4324fa1f04ead2d204f330783d) Importer(815301076,1909f56bfc062723c751e8b465ee728b)
Start importing Assets/_Animators/TitleCard.controller using Guid(0aab0c4324fa1f04ead2d204f330783d) Importer(815301076,1909f56bfc062723c751e8b465ee728b)  -> (artifact id: 'a75e24c848f7e52cb7fb97d338c72365') in 0.103139 seconds
  Import took 0.149849 seconds .

========================================================================
Received Import Request.
  Time since last request: 68.535393 seconds.
  path: Assets/_Animators/TitleCard.controller
  artifactKey: Guid(0aab0c4324fa1f04ead2d204f330783d) Importer(815301076,1909f56bfc062723c751e8b465ee728b)
Start importing Assets/_Animators/TitleCard.controller using Guid(0aab0c4324fa1f04ead2d204f330783d) Importer(815301076,1909f56bfc062723c751e8b465ee728b)  -> (artifact id: '85a45c6e53ac6e8a436a77d2f4b67cc7') in 0.018694 seconds
  Import took 0.026472 seconds .

========================================================================
Received Prepare
Registering precompiled user dll's ...
Registered in 0.003500 seconds.
Begin MonoManager ReloadAssembly
Native extension for WindowsStandalone target not found
Native extension for WebGL target not found
Refreshing native plugins compatible for Editor in 0.50 ms, found 0 plugins.
Preloading 0 native plugins for Editor in 0.00 ms.
Invoked RoslynAnalysisRunner static constructor.
RoslynAnalysisRunner will not be running.
RoslynAnalysisRunner has terminated.
Mono: successfully reloaded assembly
- Completed reload, in  2.738 seconds
Platform modules already initialized, skipping
Refreshing native plugins compatible for Editor in 1.52 ms, found 0 plugins.
Preloading 0 native plugins for Editor in 0.00 ms.
Unloading 2309 Unused Serialized files (Serialized files now loaded: 0)
System memory in use before: 113.4 MB.
System memory in use after: 113.3 MB.

Unloading 9 unused Assets to reduce memory usage. Loaded Objects now: 2902.
Total: 5.148100 ms (FindLiveObjects: 1.466900 ms CreateObjectMapping: 0.309100 ms MarkObjects: 2.899200 ms  DeleteObjects: 0.471000 ms)

========================================================================
Received Import Request.
  Time since last request: 51.456633 seconds.
  path: Assets/_Animators/hideTitle.anim
  artifactKey: Guid(7648ebc99e85c774094fad6cf7bafa0a) Importer(815301076,1909f56bfc062723c751e8b465ee728b)
Start importing Assets/_Animators/hideTitle.anim using Guid(7648ebc99e85c774094fad6cf7bafa0a) Importer(815301076,1909f56bfc062723c751e8b465ee728b)  -> (artifact id: 'e5610062108db7a85a00c76e60e0a89d') in 0.038251 seconds
  Import took 0.052550 seconds .

========================================================================
Received Import Request.
  Time since last request: 2.220410 seconds.
  path: Assets/_Animators/hideTitle.anim
  artifactKey: Guid(7648ebc99e85c774094fad6cf7bafa0a) Importer(815301076,1909f56bfc062723c751e8b465ee728b)
Start importing Assets/_Animators/hideTitle.anim using Guid(7648ebc99e85c774094fad6cf7bafa0a) Importer(815301076,1909f56bfc062723c751e8b465ee728b)  -> (artifact id: '5cf2e2d8df44a971704c2e7adc4f86e2') in 0.011213 seconds
  Import took 0.024618 seconds .

========================================================================
Received Import Request.
  Time since last request: 0.002530 seconds.
  path: Assets/_Animators/hideTitle.anim
  artifactKey: Guid(7648ebc99e85c774094fad6cf7bafa0a) Importer(815301076,1909f56bfc062723c751e8b465ee728b)
Start importing Assets/_Animators/hideTitle.anim using Guid(7648ebc99e85c774094fad6cf7bafa0a) Importer(815301076,1909f56bfc062723c751e8b465ee728b)  -> (artifact id: '5cf2e2d8df44a971704c2e7adc4f86e2') in 0.008158 seconds
  Import took 0.024750 seconds .

========================================================================
Received Prepare
Registering precompiled user dll's ...
Registered in 0.002952 seconds.
Begin MonoManager ReloadAssembly
Native extension for WindowsStandalone target not found
Native extension for WebGL target not found
Refreshing native plugins compatible for Editor in 0.61 ms, found 0 plugins.
Preloading 0 native plugins for Editor in 0.00 ms.
Invoked RoslynAnalysisRunner static constructor.
RoslynAnalysisRunner will not be running.
RoslynAnalysisRunner has terminated.
Mono: successfully reloaded assembly
- Completed reload, in  2.810 seconds
Platform modules already initialized, skipping
Refreshing native plugins compatible for Editor in 0.81 ms, found 0 plugins.
Preloading 0 native plugins for Editor in 0.00 ms.
Unloading 2309 Unused Serialized files (Serialized files now loaded: 0)
System memory in use before: 113.4 MB.
System memory in use after: 113.3 MB.

Unloading 9 unused Assets to reduce memory usage. Loaded Objects now: 2904.
Total: 5.831300 ms (FindLiveObjects: 0.675800 ms CreateObjectMapping: 0.273000 ms MarkObjects: 4.283600 ms  DeleteObjects: 0.596300 ms)

========================================================================
Received Prepare
Registering precompiled user dll's ...
Registered in 0.005601 seconds.
Begin MonoManager ReloadAssembly
Native extension for WindowsStandalone target not found
Native extension for WebGL target not found
Refreshing native plugins compatible for Editor in 0.73 ms, found 0 plugins.
Preloading 0 native plugins for Editor in 0.00 ms.
Invoked RoslynAnalysisRunner static constructor.
RoslynAnalysisRunner will not be running.
RoslynAnalysisRunner has terminated.
Mono: successfully reloaded assembly
- Completed reload, in  3.285 seconds
Platform modules already initialized, skipping
Refreshing native plugins compatible for Editor in 0.99 ms, found 0 plugins.
Preloading 0 native plugins for Editor in 0.00 ms.
Unloading 2309 Unused Serialized files (Serialized files now loaded: 0)
System memory in use before: 113.4 MB.
System memory in use after: 113.3 MB.

Unloading 9 unused Assets to reduce memory usage. Loaded Objects now: 2906.
Total: 6.858200 ms (FindLiveObjects: 0.639500 ms CreateObjectMapping: 0.226900 ms MarkObjects: 5.368200 ms  DeleteObjects: 0.620800 ms)

========================================================================
Received Prepare
Registering precompiled user dll's ...
Registered in 0.004488 seconds.
Begin MonoManager ReloadAssembly
Native extension for WindowsStandalone target not found
Native extension for WebGL target not found
Refreshing native plugins compatible for Editor in 0.97 ms, found 0 plugins.
Preloading 0 native plugins for Editor in 0.00 ms.
Invoked RoslynAnalysisRunner static constructor.
RoslynAnalysisRunner will not be running.
RoslynAnalysisRunner has terminated.
Mono: successfully reloaded assembly
- Completed reload, in  2.265 seconds
Platform modules already initialized, skipping
Refreshing native plugins compatible for Editor in 0.92 ms, found 0 plugins.
Preloading 0 native plugins for Editor in 0.00 ms.
Unloading 2309 Unused Serialized files (Serialized files now loaded: 0)
System memory in use before: 113.4 MB.
System memory in use after: 113.3 MB.

Unloading 9 unused Assets to reduce memory usage. Loaded Objects now: 2908.
Total: 8.945600 ms (FindLiveObjects: 0.592600 ms CreateObjectMapping: 0.378200 ms MarkObjects: 7.278000 ms  DeleteObjects: 0.694200 ms)

AssetImportWorkerClient::OnTransportError - code=2 error=End of file
